 
cpldfit:  version P.20131013                        Xilinx Inc.
                                  Fitter Report
Design Name: FinalDisplay                        Date:  4-23-2021, 10:49PM
Device Used: XC2C256-7-TQ144
Fitting Status: Successful

*************************  Mapped Resource Summary  **************************

Macrocells     Product Terms    Function Block   Registers      Pins           
Used/Tot       Used/Tot         Inps Used/Tot    Used/Tot       Used/Tot       
120/256 ( 47%) 331 /896  ( 37%) 243 /640  ( 38%) 68 /256 ( 27%) 27 /118 ( 23%)

** Function Block Resources **

Function Mcells   FB Inps  Pterms   IO       CTC      CTR      CTS      CTE     
Block    Used/Tot Used/Tot Used/Tot Used/Tot Used/Tot Used/Tot Used/Tot Used/Tot
FB1      16/16*    38/40*   44/56     4/ 6    1/1*     0/1      0/1      0/1
FB2      16/16*    17/40    24/56     0/ 8    0/1      0/1      0/1      0/1
FB3      14/16     38/40*   45/56     4/ 6    1/1*     0/1      0/1      0/1
FB4      16/16*    29/40    55/56     0/ 8    1/1*     0/1      0/1      0/1
FB5      10/16     26/40    56/56*    0/ 5    1/1*     0/1      0/1      0/1
FB6      16/16*    31/40    31/56     0/ 8    1/1*     0/1      0/1      0/1
FB7      16/16*    38/40*   45/56     0/ 8    1/1*     0/1      0/1      0/1
FB8       5/16     11/40    12/56     0/ 8    1/1*     0/1      0/1      0/1
FB9       8/16     10/40    16/56     8/ 8*   0/1      0/1      0/1      0/1
FB10      2/16      4/40     2/56     2/ 9    0/1      0/1      0/1      0/1
FB11      0/16      0/40     0/56     0/ 8    0/1      0/1      0/1      0/1
FB12      0/16      0/40     0/56     0/ 6    0/1      0/1      0/1      0/1
FB13      0/16      0/40     0/56     0/ 8    0/1      0/1      0/1      0/1
FB14      1/16      1/40     1/56     1/ 8    0/1      0/1      0/1      0/1
FB15      0/16      0/40     0/56     0/ 7    0/1      0/1      0/1      0/1
FB16      0/16      0/40     0/56     0/ 7    0/1      0/1      0/1      0/1
         -----    -------  -------   -----    ---      ---      ---      ---
Total   120/256   243/640  331/896   19/118   7/16     0/16     0/16     0/16

CTC - Control Term Clock
CTR - Control Term Reset
CTS - Control Term Set
CTE - Control Term Output Enable

* - Resource is exhausted

** Global Control Resources **

GCK         GSR         GTS         DGE         
Used/Tot    Used/Tot    Used/Tot    Used/Tot    
1/3         0/1         0/4         0/1

Signal 'BOARD_CLK' mapped onto global clock net GCK2.

** Pin Resources **

Signal Type    Required     Mapped  |  Pin Type            Used    Total 
------------------------------------|------------------------------------
Input         :    7           7    |  I/O              :    25    108
Output        :   19          19    |  GCK/IO           :     1      3
Bidirectional :    0           0    |  GTS/IO           :     0      4
GCK           :    1           1    |  GSR/IO           :     0      1
GTS           :    0           0    |  CDR/IO           :     0      1
GSR           :    0           0    |  DGE/IO           :     1      1
                 ----        ----
        Total     27          27

End of Mapped Resource Summary
**************************  Errors and Warnings  ***************************

WARNING:Cpld - Unable to retrieve the path to the iSE Project Repository. Will
   use the default filename of 'FinalDisplay.ise'.
INFO:Cpld - Inferring BUFG constraint for signal 'BOARD_CLK' based upon the LOC
   constraint 'P38'. It is recommended that you declare this BUFG explicitedly
   in your design. Note that for certain device families the output of a BUFG
   constraint can not drive a gated clock, and the BUFG constraint will be
   ignored.
*************************  Summary of Mapped Logic  ************************

** 19 Outputs **

Signal                                  Total Total Bank Loc     Pin   Pin       Pin     I/O      I/O       Slew Reg     Reg Init
Name                                    Pts   Inps               No.   Type      Use     STD      Style     Rate Use     State
C_SEC1                                  1     4     2    FB1_4   142   I/O       O       LVCMOS18           FAST         
C_HOUR1                                 1     4     2    FB1_6   140   I/O       O       LVCMOS18           FAST         
C_SEC2                                  1     4     2    FB1_12  139   I/O       O       LVCMOS18           FAST         
C_HOUR2                                 1     4     2    FB1_13  138   I/O       O       LVCMOS18           FAST         
C_MIN1                                  1     4     2    FB3_1   136   I/O       O       LVCMOS18           FAST         
C_DAY1                                  1     4     2    FB3_2   135   I/O       O       LVCMOS18           FAST         
C_MIN2                                  1     4     2    FB3_3   134   I/O       O       LVCMOS18           FAST         
C_DAY2                                  1     4     2    FB3_5   133   I/O       O       LVCMOS18           FAST         
AN_DP                                   4     5     2    FB9_1   112   I/O       O       LVCMOS18           FAST         
AN_D                                    4     5     2    FB9_2   113   I/O       O       LVCMOS18           FAST         
AN_G                                    3     5     2    FB9_4   114   I/O       O       LVCMOS18           FAST         
AN_C                                    2     4     2    FB9_6   115   I/O       O       LVCMOS18           FAST         
AN_F                                    4     5     2    FB9_12  116   I/O       O       LVCMOS18           FAST         
AN_B                                    3     4     2    FB9_13  117   I/O       O       LVCMOS18           FAST         
AN_E                                    2     4     2    FB9_14  118   I/O       O       LVCMOS18           FAST         
AN_A                                    3     5     2    FB9_15  119   I/O       O       LVCMOS18           FAST         
C_MONTH1                                1     4     2    FB10_6  104   I/O       O       LVCMOS18           FAST         
C_MONTH2                                1     4     2    FB10_14 102   I/O       O       LVCMOS18           FAST         
LD0                                     1     1     1    FB14_4  69    I/O       O       LVCMOS18           FAST         

** 101 Buried Nodes **

Signal                                  Total Total Loc     Reg     Reg Init
Name                                    Pts   Inps          Use     State
MIN2<2>                                 3     10    FB1_1   TFF     RESET
SEC2<1>                                 5     11    FB1_2   TFF     RESET
MIN2<3>                                 2     9     FB1_3   TFF     RESET
SEC2<2>                                 4     11    FB1_5   TFF     RESET
SEC2<3>                                 3     11    FB1_7   TFF     RESET
N_PZ_345                                2     11    FB1_8           
N_PZ_541                                1     18    FB1_9           
NUMBER<1>                               10    14    FB1_10          
NUMBER<0>                               10    14    FB1_11          
MIN2<1>                                 4     10    FB1_14  TFF     RESET
COUNTER<2>                              1     3     FB1_15  TFF     RESET
COUNTER<3>                              1     4     FB1_16  TFF     RESET
CLK_COUNTER<12>                         2     7     FB2_1   DFF     RESET
N_PZ_627                                1     3     FB2_2           
CLK_COUNTER<11>                         4     9     FB2_3   TFF     RESET
CLK_COUNTER<14>                         0     0     FB2_4   DFF     RESET
CLK_COUNTER<6>                          2     3     FB2_5   DFF     RESET
CLK_COUNTER<4>                          2     4     FB2_6   TFF     RESET
COUNTER<0>                              1     1     FB2_7   TFF     RESET
CLK_COUNTER<15>                         0     0     FB2_8   DFF     RESET
CLK_COUNTER<13>                         0     0     FB2_9   DFF     RESET
CLK_COUNTER<7>                          2     5     FB2_10  DFF     RESET
CLK_COUNTER<0>                          1     2     FB2_11  DFF     RESET
N_PZ_590                                1     4     FB2_12          
CLK_COUNTER<1>                          2     3     FB2_13  DFF     RESET
CLK_COUNTER<5>                          2     6     FB2_14  DFF     RESET
CLK_COUNTER<3>                          2     3     FB2_15  DFF     RESET
CLK_COUNTER<2>                          2     5     FB2_16  DFF     RESET
N_PZ_523                                2     3     FB3_4           
N_PZ_424                                3     6     FB3_6           
N_PZ_550                                3     10    FB3_7           
N_PZ_512                                2     12    FB3_8           
HOUR1<0>                                7     18    FB3_9   DFF     RESET
N_PZ_534                                2     11    FB3_10          
HOUR1_0__and000019                      1     10    FB3_11          
N_PZ_514                                3     8     FB3_12          
NUMBER<3>                               10    14    FB3_13          
NUMBER<2>                               10    14    FB3_15          
day2<0>                                 3     8     FB4_1   TFF     RESET
day2<1>                                 3     9     FB4_2   TFF     RESET

Signal                                  Total Total Loc     Reg     Reg Init
Name                                    Pts   Inps          Use     State
Mcompar_day1_cmp_eq0001_or0001_xor0000  2     9     FB4_3   TFF     RESET
Mcompar_day1_cmp_eq0001_or0001_xor0001  2     9     FB4_4   TFF     RESET
N_PZ_396                                10    10    FB4_5           
N_PZ_540                                1     4     FB4_6           
month<2>                                4     8     FB4_7   TFF     RESET
month<3>                                5     8     FB4_8   TFF     RESET
N_PZ_584                                2     9     FB4_9           
maxday2<1>                              6     12    FB4_10  DFF     RESET
maxday2<0>                              6     13    FB4_11  DFF     RESET
maxday1<0>                              4     7     FB4_12  DFF     RESET
month<0>                                5     11    FB4_13  TFF/S   SET
maxday1<3>                              3     8     FB4_14  DFF     RESET
month<1>                                8     13    FB4_15  DFF     RESET
month<4>                                6     15    FB4_16  DFF     RESET
MIN1<0>                                 2     2     FB5_3   TFF     RESET
HOUR2<3>                                8     10    FB5_7   TFF     RESET
dot                                     11    12    FB5_8   DFF     RESET
HOUR2<1>                                6     14    FB5_9   TFF     RESET
HOUR2<0>                                7     12    FB5_10  TFF     RESET
N_PZ_463                                4     9     FB5_11          
N_PZ_384                                6     12    FB5_12          
N_PZ_388                                8     13    FB5_13          
N_PZ_438                                3     14    FB5_15          
HOUR2_or0013                            6     14    FB5_16          
SEC1<3>                                 4     7     FB6_1   TFF     RESET
SEC1<2>                                 3     6     FB6_2   TFF     RESET
N_PZ_582                                2     3     FB6_3           
SEC1<0>                                 3     4     FB6_4   DFF     RESET
N_PZ_566                                1     2     FB6_5           
N_PZ_425                                1     3     FB6_6           
N_PZ_407                                5     10    FB6_7           
CLK_COUNTER<10>                         2     5     FB6_8   TFF     RESET
CLK_COUNTER<9>                          2     4     FB6_9   TFF     RESET
CLK_COUNTER<8>                          2     3     FB6_10  DFF     RESET
COUNTER<1>                              1     2     FB6_11  TFF     RESET
month<7>                                2     3     FB6_12  DFF     RESET
month<6>                                2     3     FB6_13  DFF     RESET
month<5>                                2     3     FB6_14  DFF     RESET
N_PZ_450                                2     3     FB6_15          
N_PZ_346                                2     3     FB6_16          

Signal                                  Total Total Loc     Reg     Reg Init
Name                                    Pts   Inps          Use     State
COUNTER_555<2>                          2     4     FB7_1   DFF     RESET
COUNTER_555<0>                          2     3     FB7_2   DFF     RESET
N_PZ_563                                2     4     FB7_3           
HOUR2<2>                                7     9     FB7_4   DFF     RESET
Mcompar_day1_cmp_eq0000_or0001_xor0000  2     4     FB7_5   TFF     RESET
MIN1<3>                                 3     6     FB7_6   TFF     RESET
N_PZ_585                                3     7     FB7_7           
HOUR1<1>                                4     7     FB7_8   DFF     RESET
HOUR1<2>                                8     11    FB7_9   DFF     RESET
HOUR1<3>                                9     12    FB7_10  DFF     RESET
MIN2<0>                                 2     6     FB7_11  TFF     RESET
MIN1<1>                                 3     6     FB7_12  TFF     RESET
MIN1<2>                                 2     4     FB7_13  TFF     RESET
SEC2<0>                                 3     8     FB7_14  TFF     RESET
SEC1<1>                                 5     7     FB7_15  DFF     RESET
COUNTER_555<1>                          3     4     FB7_16  DFF     RESET
N_PZ_629                                2     3     FB8_9           
month_not000237                         1     4     FB8_10          
day1<0>                                 3     6     FB8_14  TFF/S   SET
day1<3>                                 4     7     FB8_15  TFF     RESET
Mcompar_day1_cmp_eq0000_or0000_xor0001  4     7     FB8_16  TFF     RESET

** 8 Inputs **

Signal                                  Bank Loc     Pin   Pin       Pin     I/O      I/O
Name                                                 No.   Type      Use     STD      Style
clk2                                    2    FB2_15  10    I/O       I       LVCMOS18 KPR
BOARD_CLK                               1    FB6_4   38    GCK/I/O   GCK     LVCMOS18 KPR
sw_set                                  1    FB6_12  39    DGE/I/O   I       LVCMOS18 KPR
set_min                                 2    FB10_12 103   I/O       I       LVCMOS18 KPR
set_hour                                2    FB10_16 101   I/O       I       LVCMOS18 KPR
sw_hour24                               2    FB11_11 124   I/O       I       LVCMOS18 KPR
set_day                                 2    FB12_11 98    I/O       I       LVCMOS18 KPR
set_month                               2    FB12_13 96    I/O       I       LVCMOS18 KPR

Legend:
Pin No.   - ~     - User Assigned
I/O Style - OD    - OpenDrain
          - PU    - Pullup
          - KPR   - Keeper
          - S     - SchmittTrigger
          - DG    - DataGate
Reg Use   - LATCH - Transparent latch
          - DFF   - D-flip-flop
          - DEFF  - D-flip-flop with clock enable
          - TFF   - T-flip-flop
          - TDFF  - Dual-edge-triggered T-flip-flop
          - DDFF  - Dual-edge-triggered flip-flop
          - DDEFF - Dual-edge-triggered flip-flop with clock enable
          /S (after any above flop/latch type) indicates initial state is Set
**************************  Function Block Details  ************************
Legend:
Total Pt     - Total product terms used by the macrocell signal
Loc          - Location where logic was mapped in device
Pin Type/Use - I  - Input             GCK - Global clock
               O  - Output            GTS - Global Output Enable
              (b) - Buried macrocell  GSR - Global Set/Reset
              VRF - Vref
Pin No.      - ~  - User Assigned
*********************************** FB1  ***********************************
This function block is part of I/O Bank number:               2
Number of function block inputs used/remaining:               38/2
Number of function block control terms used/remaining:        1/3
Number of PLA product terms used/remaining:                   44/12
Signal                        Total Loc     Pin  Pin     Pin   CTC CTR CTS CTE
Name                          Pt            No.  Type    Use   
MIN2<2>                       3     FB1_1        (b)     (b)    +          
SEC2<1>                       5     FB1_2        (b)     (b)    +          
MIN2<3>                       2     FB1_3   143  GSR/I/O (b)    +          
C_SEC1                        1     FB1_4   142  I/O     O                 
SEC2<2>                       4     FB1_5        (b)     (b)    +          
C_HOUR1                       1     FB1_6   140  I/O     O                 
SEC2<3>                       3     FB1_7        (b)     (b)    +          
N_PZ_345                      2     FB1_8        (b)     (b)               
N_PZ_541                      1     FB1_9        (b)     (b)               
NUMBER<1>                     10    FB1_10       (b)     (b)               
NUMBER<0>                     10    FB1_11       (b)     (b)               
C_SEC2                        1     FB1_12  139  I/O     O                 
C_HOUR2                       1     FB1_13  138  I/O     O                 
MIN2<1>                       4     FB1_14  137  I/O     (b)    +          
COUNTER<2>                    1     FB1_15       (b)     (b)               
COUNTER<3>                    1     FB1_16       (b)     (b)               

Signals Used by Logic in Function Block
  1: COUNTER<0>        14: MIN2<0>                                 27: SEC2<2> 
  2: COUNTER<1>        15: MIN2<1>                                 28: SEC2<3> 
  3: COUNTER<2>        16: MIN2<2>                                 29: clk2 
  4: COUNTER<3>        17: MIN2<3>                                 30: day1<0> 
  5: COUNTER_555<2>    18: Mcompar_day1_cmp_eq0000_or0000_xor0001  31: day2<0> 
  6: HOUR1<0>          19: N_PZ_345                                32: day2<1> 
  7: HOUR1<1>          20: N_PZ_407                                33: month<0> 
  8: HOUR2<0>          21: SEC1<0>                                 34: month<1> 
  9: HOUR2<1>          22: SEC1<1>                                 35: month<4> 
 10: MIN1<0>           23: SEC1<2>                                 36: month<5> 
 11: MIN1<1>           24: SEC1<3>                                 37: set_min 
 12: MIN1<2>           25: SEC2<0>                                 38: sw_set 
 13: MIN1<3>           26: SEC2<1>                                

Signal                     1         2         3         4 FB      
Name             0----+----0----+----0----+----0----+----0 Inputs  
MIN2<2>           .........XXXXXXXX.X.........X........... 10      
SEC2<1>           ....X...............XXXXXXXXX........X.. 11      
MIN2<3>           .........XXXXXXX..X.........X........... 9       
C_SEC1            XXXX.................................... 4       
SEC2<2>           ....X...............XXXXXXXXX........X.. 11      
C_HOUR1           XXXX.................................... 4       
SEC2<3>           ....X...............XXXXXXXXX........X.. 11      
N_PZ_345          ....X...............XXXXXXXX........XX.. 11      
N_PZ_541          ....X....XXXXXXXX...XXXXXXXX.........X.. 18      
NUMBER<1>         XXXX..X.X.X...X..X...X...X.....X.X.X.... 14      
NUMBER<0>         XXXX.X.X.X...X......X...X....XX.X.X..... 14      
C_SEC2            XXXX.................................... 4       
C_HOUR2           XXXX.................................... 4       
MIN2<1>           .........XXXXXXXX.X.........X........... 10      
COUNTER<2>        XX.................X.................... 3       
COUNTER<3>        XXX................X.................... 4       
                 0----+----1----+----2----+----3----+----4
                           0         0         0         0
*********************************** FB2  ***********************************
This function block is part of I/O Bank number:               2
Number of function block inputs used/remaining:               17/23
Number of function block control terms used/remaining:        0/4
Number of PLA product terms used/remaining:                   24/32
Signal                        Total Loc     Pin  Pin     Pin   CTC CTR CTS CTE
Name                          Pt            No.  Type    Use   
CLK_COUNTER<12>               2     FB2_1   2    GTS/I/O (b)               
N_PZ_627                      1     FB2_2        (b)     (b)               
CLK_COUNTER<11>               4     FB2_3   3    GTS/I/O (b)               
CLK_COUNTER<14>               0     FB2_4   4    I/O     (b)               
CLK_COUNTER<6>                2     FB2_5   5    GTS/I/O (b)               
CLK_COUNTER<4>                2     FB2_6        (b)     (b)               
COUNTER<0>                    1     FB2_7        (b)     (b)               
CLK_COUNTER<15>               0     FB2_8        (b)     (b)               
CLK_COUNTER<13>               0     FB2_9        (b)     (b)               
CLK_COUNTER<7>                2     FB2_10       (b)     (b)               
CLK_COUNTER<0>                1     FB2_11       (b)     (b)               
N_PZ_590                      1     FB2_12  6    GTS/I/O (b)               
CLK_COUNTER<1>                2     FB2_13  7    I/O     (b)               
CLK_COUNTER<5>                2     FB2_14  9    I/O     (b)               
CLK_COUNTER<3>                2     FB2_15  10   I/O     I                 
CLK_COUNTER<2>                2     FB2_16       (b)     (b)               

Signals Used by Logic in Function Block
  1: CLK_COUNTER<0>     7: CLK_COUNTER<3>    13: CLK_COUNTER<9> 
  2: CLK_COUNTER<10>    8: CLK_COUNTER<4>    14: N_PZ_407 
  3: CLK_COUNTER<11>    9: CLK_COUNTER<5>    15: N_PZ_425 
  4: CLK_COUNTER<12>   10: CLK_COUNTER<6>    16: N_PZ_590 
  5: CLK_COUNTER<1>    11: CLK_COUNTER<7>    17: N_PZ_627 
  6: CLK_COUNTER<2>    12: CLK_COUNTER<8>   

Signal                     1         2         3         4 FB      
Name             0----+----0----+----0----+----0----+----0 Inputs  
CLK_COUNTER<12>   .XXX.......XXXX......................... 7       
N_PZ_627          X...XX.................................. 3       
CLK_COUNTER<11>   .XXX.....XXXXXX......................... 9       
CLK_COUNTER<14>   ........................................ 0       
CLK_COUNTER<6>    .........X...X.X........................ 3       
CLK_COUNTER<4>    ......XX.....X..X....................... 4       
COUNTER<0>        .............X.......................... 1       
CLK_COUNTER<15>   ........................................ 0       
CLK_COUNTER<13>   ........................................ 0       
CLK_COUNTER<7>    .........XX..XXX........................ 5       
CLK_COUNTER<0>    X............X.......................... 2       
N_PZ_590          ......XXX.......X....................... 4       
CLK_COUNTER<1>    X...X........X.......................... 3       
CLK_COUNTER<5>    ......XXX....X.XX....................... 6       
CLK_COUNTER<3>    ......X......X..X....................... 3       
CLK_COUNTER<2>    X...XX.......X..X....................... 5       
                 0----+----1----+----2----+----3----+----4
                           0         0         0         0
*********************************** FB3  ***********************************
This function block is part of I/O Bank number:               2
Number of function block inputs used/remaining:               38/2
Number of function block control terms used/remaining:        1/3
Number of PLA product terms used/remaining:                   45/11
Signal                        Total Loc     Pin  Pin     Pin   CTC CTR CTS CTE
Name                          Pt            No.  Type    Use   
C_MIN1                        1     FB3_1   136  I/O     O                 
C_DAY1                        1     FB3_2   135  I/O     O                 
C_MIN2                        1     FB3_3   134  I/O     O                 
N_PZ_523                      2     FB3_4        (b)     (b)               
C_DAY2                        1     FB3_5   133  I/O     O                 
N_PZ_424                      3     FB3_6        (b)     (b)               
N_PZ_550                      3     FB3_7        (b)     (b)               
N_PZ_512                      2     FB3_8        (b)     (b)               
HOUR1<0>                      7     FB3_9        (b)     (b)    +          
N_PZ_534                      2     FB3_10       (b)     (b)               
HOUR1_0__and000019            1     FB3_11       (b)     (b)               
N_PZ_514                      3     FB3_12       (b)     (b)               
NUMBER<3>                     10    FB3_13       (b)     (b)               
(unused)                      0     FB3_14  132  I/O           
NUMBER<2>                     10    FB3_15       (b)     (b)               
(unused)                      0     FB3_16  131  I/O           

Signals Used by Logic in Function Block
  1: COUNTER<0>          14: MIN1<2>                                 27: SEC1<3> 
  2: COUNTER<1>          15: MIN1<3>                                 28: SEC2<2> 
  3: COUNTER<2>          16: MIN2<2>                                 29: SEC2<3> 
  4: COUNTER<3>          17: MIN2<3>                                 30: clk2 
  5: HOUR1<0>            18: Mcompar_day1_cmp_eq0000_or0001_xor0000  31: day1<3> 
  6: HOUR1<1>            19: Mcompar_day1_cmp_eq0001_or0001_xor0000  32: dot 
  7: HOUR1<2>            20: Mcompar_day1_cmp_eq0001_or0001_xor0001  33: month<2> 
  8: HOUR1<3>            21: N_PZ_346                                34: month<3> 
  9: HOUR1_0__and000019  22: N_PZ_388                                35: month<6> 
 10: HOUR2<0>            23: N_PZ_424                                36: month<7> 
 11: HOUR2<1>            24: N_PZ_514                                37: sw_hour24 
 12: HOUR2<2>            25: N_PZ_541                                38: sw_set 
 13: HOUR2<3>            26: SEC1<2>                                

Signal                     1         2         3         4 FB      
Name             0----+----0----+----0----+----0----+----0 Inputs  
C_MIN1            XXXX.................................... 4       
C_DAY1            XXXX.................................... 4       
C_MIN2            XXXX.................................... 4       
N_PZ_523          ....................X..X............X... 3       
C_DAY2            XXXX.................................... 4       
N_PZ_424          .....X...XXXX..........X................ 6       
N_PZ_550          ....XXXX.XXXX..........X............X... 10      
N_PZ_512          ....XXXX.XXXX.......X..XX...........X... 12      
HOUR1<0>          ....XXXXXXXXX.......XXXXX....X.X....XX.. 18      
N_PZ_534          ....XXXX.XXXX...........X......X....X... 11      
HOUR1_0__and000019 
                  ....XXXX.XXXX...........X...........X... 10      
N_PZ_514          ....XXXX.XXXX........................... 8       
NUMBER<3>         XXXX...X....X.X.X..X......X.X.X..X.X.... 14      
NUMBER<2>         XXXX..X....X.X.X.XX......X.X....X.X..... 14      
                 0----+----1----+----2----+----3----+----4
                           0         0         0         0
*********************************** FB4  ***********************************
This function block is part of I/O Bank number:               2
Number of function block inputs used/remaining:               29/11
Number of function block control terms used/remaining:        1/3
Number of PLA product terms used/remaining:                   55/1
Signal                        Total Loc     Pin  Pin     Pin   CTC CTR CTS CTE
Name                          Pt            No.  Type    Use   
day2<0>                       3     FB4_1   11   I/O     (b)    +          
day2<1>                       3     FB4_2   12   I/O     (b)    +          
Mcompar_day1_cmp_eq0001_or0001_xor0000
                              2     FB4_3   13   I/O     (b)    +          
Mcompar_day1_cmp_eq0001_or0001_xor0001
                              2     FB4_4   14   I/O     (b)    +          
N_PZ_396                      10    FB4_5   15   I/O     (b)               
N_PZ_540                      1     FB4_6   16   I/O     (b)               
month<2>                      4     FB4_7        (b)     (b)    +          
month<3>                      5     FB4_8        (b)     (b)    +          
N_PZ_584                      2     FB4_9        (b)     (b)               
maxday2<1>                    6     FB4_10       (b)     (b)    +          
maxday2<0>                    6     FB4_11       (b)     (b)    +          
maxday1<0>                    4     FB4_12  17   I/O     (b)    +          
month<0>                      5     FB4_13       (b)     (b)    +          
maxday1<3>                    3     FB4_14  18   I/O     (b)    +          
month<1>                      8     FB4_15       (b)     (b)    +          
month<4>                      6     FB4_16       (b)     (b)    +          

Signals Used by Logic in Function Block
  1: Mcompar_day1_cmp_eq0000_or0000_xor0001  11: clk2              21: month<1> 
  2: Mcompar_day1_cmp_eq0000_or0001_xor0000  12: day1<0>           22: month<2> 
  3: Mcompar_day1_cmp_eq0001_or0001_xor0000  13: day1<3>           23: month<3> 
  4: Mcompar_day1_cmp_eq0001_or0001_xor0001  14: day2<0>           24: month<4> 
  5: N_PZ_396                                15: day2<1>           25: month<5> 
  6: N_PZ_450                                16: maxday1<0>        26: month<6> 
  7: N_PZ_540                                17: maxday1<3>        27: month<7> 
  8: N_PZ_566                                18: maxday2<0>        28: month_not000237 
  9: N_PZ_582                                19: maxday2<1>        29: sw_set 
 10: N_PZ_584                                20: month<0>         

Signal                     1         2         3         4 FB      
Name             0----+----0----+----0----+----0----+----0 Inputs  
day2<0>           XX..XX....XXXX.......................... 8       
day2<1>           XX..XX....XXXXX......................... 9       
Mcompar_day1_cmp_eq0001_or0001_xor0000 
                  XX..XX....XXXXX......................... 9       
Mcompar_day1_cmp_eq0001_or0001_xor0001 
                  XXX..X....XXXXX......................... 9       
N_PZ_396          ..XX.......XXXXXXXX..................... 10      
N_PZ_540          .......................XXXX............. 4       
month<2>          ......XX..X........XXXX.....X........... 8       
month<3>          ......XX..X........XXXX.....X........... 8       
N_PZ_584          ......X............XXXXXXXX............. 9       
maxday2<1>        .....XX..XX.......XXXXX.XXX............. 12      
maxday2<0>        .....XX..XX......X.XXXXXXXX............. 13      
maxday1<0>        .....XX..XX....X...X..X................. 7       
month<0>          ......XXX.X........XXXX.XXX............. 11      
maxday1<3>        .....XX...X.....X..XXXX................. 8       
month<1>          ......XX.XX........XXXX.XXXXX........... 13      
month<4>          ......XXXXX........XXXXXXXXXX........... 15      
                 0----+----1----+----2----+----3----+----4
                           0         0         0         0
*********************************** FB5  ***********************************
This function block is part of I/O Bank number:               1
Number of function block inputs used/remaining:               26/14
Number of function block control terms used/remaining:        1/3
Number of PLA product terms used/remaining:                   56/0
Signal                        Total Loc     Pin  Pin     Pin   CTC CTR CTS CTE
Name                          Pt            No.  Type    Use   
(unused)                      0     FB5_1        (b)           
(unused)                      0     FB5_2   33   I/O           
MIN1<0>                       2     FB5_3        (b)     (b)    +          
(unused)                      0     FB5_4   32   GCK/I/O       
(unused)                      0     FB5_5   31   I/O           
(unused)                      0     FB5_6   30   GCK/I/O       
HOUR2<3>                      8     FB5_7        (b)     (b)    +          
dot                           11    FB5_8        (b)     (b)    +          
HOUR2<1>                      6     FB5_9        (b)     (b)    +          
HOUR2<0>                      7     FB5_10       (b)     (b)    +          
N_PZ_463                      4     FB5_11       (b)     (b)               
N_PZ_384                      6     FB5_12       (b)     (b)               
N_PZ_388                      8     FB5_13       (b)     (b)               
(unused)                      0     FB5_14  28   I/O           
N_PZ_438                      3     FB5_15       (b)     (b)               
HOUR2_or0013                  6     FB5_16       (b)     (b)               

Signals Used by Logic in Function Block
  1: HOUR1<0>            10: HOUR2_or0013      19: N_PZ_541 
  2: HOUR1<1>            11: N_PZ_345          20: N_PZ_550 
  3: HOUR1<2>            12: N_PZ_346          21: N_PZ_563 
  4: HOUR1<3>            13: N_PZ_384          22: clk2 
  5: HOUR1_0__and000019  14: N_PZ_424          23: dot 
  6: HOUR2<0>            15: N_PZ_463          24: set_hour 
  7: HOUR2<1>            16: N_PZ_512          25: sw_hour24 
  8: HOUR2<2>            17: N_PZ_514          26: sw_set 
  9: HOUR2<3>            18: N_PZ_523         

Signal                     1         2         3         4 FB      
Name             0----+----0----+----0----+----0----+----0 Inputs  
MIN1<0>           ..........X..........X.................. 2       
HOUR2<3>          .....XXXXX..X..X.X..XX.................. 10      
dot               ......XXX..X.X.XXX...XX.XX.............. 12      
HOUR2<1>          XXXX.XXXXX..X..X.X..XX.................. 14      
HOUR2<0>          .X..XXXXXX..X...X.X..X..X............... 12      
N_PZ_463          X.XX.X.XX..............XXX.............. 9       
N_PZ_384          .XXX.XXXX....XX.X.X.....X............... 12      
N_PZ_388          XXXX.XXXX....XX.X.X.....X............... 13      
N_PZ_438          XXXXXXXXX....X....X....XXX.............. 14      
HOUR2_or0013      XXXX..XXX........XXX..XXXX.............. 14      
                 0----+----1----+----2----+----3----+----4
                           0         0         0         0
*********************************** FB6  ***********************************
This function block is part of I/O Bank number:               1
Number of function block inputs used/remaining:               31/9
Number of function block control terms used/remaining:        1/3
Number of PLA product terms used/remaining:                   31/25
Signal                        Total Loc     Pin  Pin     Pin   CTC CTR CTS CTE
Name                          Pt            No.  Type    Use   
SEC1<3>                       4     FB6_1   34   I/O     (b)    +          
SEC1<2>                       3     FB6_2   35   CDR/I/O (b)    +          
N_PZ_582                      2     FB6_3        (b)     (b)               
SEC1<0>                       3     FB6_4   38   GCK/I/O GCK    +          
N_PZ_566                      1     FB6_5        (b)     (b)               
N_PZ_425                      1     FB6_6        (b)     (b)               
N_PZ_407                      5     FB6_7        (b)     (b)               
CLK_COUNTER<10>               2     FB6_8        (b)     (b)               
CLK_COUNTER<9>                2     FB6_9        (b)     (b)               
CLK_COUNTER<8>                2     FB6_10       (b)     (b)               
COUNTER<1>                    1     FB6_11       (b)     (b)               
month<7>                      2     FB6_12  39   DGE/I/O I      +          
month<6>                      2     FB6_13  40   I/O     (b)    +          
month<5>                      2     FB6_14  41   I/O     (b)    +          
N_PZ_450                      2     FB6_15  42   I/O     (b)               
N_PZ_346                      2     FB6_16  43   I/O     (b)               

Signals Used by Logic in Function Block
  1: CLK_COUNTER<10>   12: COUNTER_555<2>    22: SEC1<3> 
  2: CLK_COUNTER<11>   13: N_PZ_407          23: clk2 
  3: CLK_COUNTER<12>   14: N_PZ_425          24: month<5> 
  4: CLK_COUNTER<13>   15: N_PZ_534          25: month<6> 
  5: CLK_COUNTER<14>   16: N_PZ_541          26: month<7> 
  6: CLK_COUNTER<15>   17: N_PZ_582          27: month_not000237 
  7: CLK_COUNTER<6>    18: N_PZ_590          28: set_day 
  8: CLK_COUNTER<7>    19: SEC1<0>           29: set_hour 
  9: CLK_COUNTER<8>    20: SEC1<1>           30: set_month 
 10: CLK_COUNTER<9>    21: SEC1<2>           31: sw_set 
 11: COUNTER<0>       

Signal                     1         2         3         4 FB      
Name             0----+----0----+----0----+----0----+----0 Inputs  
SEC1<3>           ...........X......XXXXX.......X......... 7       
SEC1<2>           ...........X......XXX.X.......X......... 6       
N_PZ_582          ..........................X..XX......... 3       
SEC1<0>           ...........X......X...X.......X......... 4       
N_PZ_566          ................X.........X............. 2       
N_PZ_425          ......XX.........X...................... 3       
N_PZ_407          XXXXXXXXXX.............................. 10      
CLK_COUNTER<10>   X.......XX..XX.......................... 5       
CLK_COUNTER<9>    ........XX..XX.......................... 4       
CLK_COUNTER<8>    ........X...XX.......................... 3       
COUNTER<1>        ..........X.X........................... 2       
month<7>          ................X.....X..X.............. 3       
month<6>          ................X.....X.X............... 3       
month<5>          ................X.....XX................ 3       
N_PZ_450          ..............X............X..X......... 3       
N_PZ_346          ...............X............X.X......... 3       
                 0----+----1----+----2----+----3----+----4
                           0         0         0         0
*********************************** FB7  ***********************************
This function block is part of I/O Bank number:               1
Number of function block inputs used/remaining:               38/2
Number of function block control terms used/remaining:        1/3
Number of PLA product terms used/remaining:                   45/11
Signal                        Total Loc     Pin  Pin     Pin   CTC CTR CTS CTE
Name                          Pt            No.  Type    Use   
COUNTER_555<2>                2     FB7_1        (b)     (b)    +          
COUNTER_555<0>                2     FB7_2        (b)     (b)    +          
N_PZ_563                      2     FB7_3        (b)     (b)               
HOUR2<2>                      7     FB7_4        (b)     (b)    +          
Mcompar_day1_cmp_eq0000_or0001_xor0000
                              2     FB7_5   26   I/O     (b)    +          
MIN1<3>                       3     FB7_6   25   I/O     (b)    +          
N_PZ_585                      3     FB7_7        (b)     (b)               
HOUR1<1>                      4     FB7_8        (b)     (b)    +          
HOUR1<2>                      8     FB7_9        (b)     (b)    +          
HOUR1<3>                      9     FB7_10       (b)     (b)    +          
MIN2<0>                       2     FB7_11  24   I/O     (b)    +          
MIN1<1>                       3     FB7_12  23   I/O     (b)    +          
MIN1<2>                       2     FB7_13  22   I/O     (b)    +          
SEC2<0>                       3     FB7_14  21   I/O     (b)    +          
SEC1<1>                       5     FB7_15  20   I/O     (b)    +          
COUNTER_555<1>                3     FB7_16  19   I/O     (b)    +          

Signals Used by Logic in Function Block
  1: COUNTER_555<0>    14: MIN1<2>                                 27: N_PZ_563 
  2: COUNTER_555<1>    15: MIN1<3>                                 28: N_PZ_585 
  3: COUNTER_555<2>    16: Mcompar_day1_cmp_eq0000_or0000_xor0001  29: SEC1<0> 
  4: HOUR1<0>          17: N_PZ_345                                30: SEC1<1> 
  5: HOUR1<1>          18: N_PZ_346                                31: SEC1<2> 
  6: HOUR1<2>          19: N_PZ_384                                32: SEC1<3> 
  7: HOUR1<3>          20: N_PZ_388                                33: SEC2<0> 
  8: HOUR2<0>          21: N_PZ_438                                34: clk2 
  9: HOUR2<1>          22: N_PZ_450                                35: day1<0> 
 10: HOUR2<2>          23: N_PZ_512                                36: dot 
 11: HOUR2_or0013      24: N_PZ_523                                37: sw_hour24 
 12: MIN1<0>           25: N_PZ_541                                38: sw_set 
 13: MIN1<1>           26: N_PZ_550                               

Signal                     1         2         3         4 FB      
Name             0----+----0----+----0----+----0----+----0 Inputs  
COUNTER_555<2>    XXX..............................X...... 4       
COUNTER_555<0>    X.X..............................X...... 3       
N_PZ_563          ..........X.......X.....XX.............. 4       
HOUR2<2>          .......XXXX.......X...XX..X......X...... 9       
Mcompar_day1_cmp_eq0000_or0001_xor0000 
                  ...............X.....X...........XX..... 4       
MIN1<3>           ...........XXXX.X................X...... 6       
N_PZ_585          ...X.............X.XX..X...........XX... 7       
HOUR1<1>          ...XX............X.XX......X.....X...... 7       
HOUR1<2>          ...XXX...........X.XX..X...X.....X.XX... 11      
HOUR1<3>          ...XXXX..........X.XX..X...X.....X.XX... 12      
MIN2<0>           ...........XXXX.X................X...... 6       
MIN1<1>           ...........XXXX.X................X...... 6       
MIN1<2>           ...........XX...X................X...... 4       
SEC2<0>           ..X.........................XXXXXX...X.. 8       
SEC1<1>           ..X.........................XXXX.X...X.. 7       
COUNTER_555<1>    XXX..............................X...... 4       
                 0----+----1----+----2----+----3----+----4
                           0         0         0         0
*********************************** FB8  ***********************************
This function block is part of I/O Bank number:               1
Number of function block inputs used/remaining:               11/29
Number of function block control terms used/remaining:        1/3
Number of PLA product terms used/remaining:                   12/44
Signal                        Total Loc     Pin  Pin     Pin   CTC CTR CTS CTE
Name                          Pt            No.  Type    Use   
(unused)                      0     FB8_1   44   I/O           
(unused)                      0     FB8_2   45   I/O           
(unused)                      0     FB8_3   46   I/O           
(unused)                      0     FB8_4        (b)           
(unused)                      0     FB8_5   48   I/O           
(unused)                      0     FB8_6   49   I/O           
(unused)                      0     FB8_7        (b)           
(unused)                      0     FB8_8        (b)           
N_PZ_629                      2     FB8_9        (b)     (b)               
month_not000237               1     FB8_10       (b)     (b)               
(unused)                      0     FB8_11  50   I/O           
(unused)                      0     FB8_12  51   I/O           
(unused)                      0     FB8_13  52   I/O           
day1<0>                       3     FB8_14       (b)     (b)    +          
day1<3>                       4     FB8_15       (b)     (b)    +          
Mcompar_day1_cmp_eq0000_or0000_xor0001
                              4     FB8_16       (b)     (b)    +          

Signals Used by Logic in Function Block
  1: Mcompar_day1_cmp_eq0000_or0000_xor0001   5: NUMBER<3>          9: clk2 
  2: Mcompar_day1_cmp_eq0000_or0001_xor0000   6: N_PZ_396          10: day1<0> 
  3: NUMBER<1>                                7: N_PZ_450          11: day1<3> 
  4: NUMBER<2>                                8: N_PZ_534         

Signal                     1         2         3         4 FB      
Name             0----+----0----+----0----+----0----+----0 Inputs  
N_PZ_629          ..XXX................................... 3       
month_not000237   XX...X.X................................ 4       
day1<0>           XX...XX.XX.............................. 6       
day1<3>           XX...XX.XXX............................. 7       
Mcompar_day1_cmp_eq0000_or0000_xor0001 
                  XX...XX.XXX............................. 7       
                 0----+----1----+----2----+----3----+----4
                           0         0         0         0
*********************************** FB9  ***********************************
This function block is part of I/O Bank number:               2
Number of function block inputs used/remaining:               10/30
Number of function block control terms used/remaining:        0/4
Number of PLA product terms used/remaining:                   16/40
Signal                        Total Loc     Pin  Pin     Pin   CTC CTR CTS CTE
Name                          Pt            No.  Type    Use   
AN_DP                         4     FB9_1   112  I/O     O                 
AN_D                          4     FB9_2   113  I/O     O                 
(unused)                      0     FB9_3        (b)           
AN_G                          3     FB9_4   114  I/O     O                 
(unused)                      0     FB9_5        (b)           
AN_C                          2     FB9_6   115  I/O     O                 
(unused)                      0     FB9_7        (b)           
(unused)                      0     FB9_8        (b)           
(unused)                      0     FB9_9        (b)           
(unused)                      0     FB9_10       (b)           
(unused)                      0     FB9_11       (b)           
AN_F                          4     FB9_12  116  I/O     O                 
AN_B                          3     FB9_13  117  I/O     O                 
AN_E                          2     FB9_14  118  I/O     O                 
AN_A                          3     FB9_15  119  I/O     O                 
(unused)                      0     FB9_16       (b)           

Signals Used by Logic in Function Block
  1: COUNTER<0>         5: NUMBER<0>          8: NUMBER<3> 
  2: COUNTER<1>         6: NUMBER<1>          9: N_PZ_629 
  3: COUNTER<2>         7: NUMBER<2>         10: dot 
  4: COUNTER<3>       

Signal                     1         2         3         4 FB      
Name             0----+----0----+----0----+----0----+----0 Inputs  
AN_DP             XXXX.....X.............................. 5       
AN_D              ....XXXXX............................... 5       
AN_G              ....XXXXX............................... 5       
AN_C              ....XXX.X............................... 4       
AN_F              ....XXXXX............................... 5       
AN_B              ....XXX.X............................... 4       
AN_E              ....XXXX................................ 4       
AN_A              ....XXXXX............................... 5       
                 0----+----1----+----2----+----3----+----4
                           0         0         0         0
*********************************** FB10 ***********************************
This function block is part of I/O Bank number:               2
Number of function block inputs used/remaining:               4/36
Number of function block control terms used/remaining:        0/4
Number of PLA product terms used/remaining:                   2/54
Signal                        Total Loc     Pin  Pin     Pin   CTC CTR CTS CTE
Name                          Pt            No.  Type    Use   
(unused)                      0     FB10_1  111  I/O           
(unused)                      0     FB10_2  110  I/O           
(unused)                      0     FB10_3  107  I/O           
(unused)                      0     FB10_4  106  I/O           
(unused)                      0     FB10_5  105  I/O           
C_MONTH1                      1     FB10_6  104  I/O     O                 
(unused)                      0     FB10_7       (b)           
(unused)                      0     FB10_8       (b)           
(unused)                      0     FB10_9       (b)           
(unused)                      0     FB10_10      (b)           
(unused)                      0     FB10_11      (b)           
(unused)                      0     FB10_12 103  I/O     I     
(unused)                      0     FB10_13      (b)           
C_MONTH2                      1     FB10_14 102  I/O     O                 
(unused)                      0     FB10_15      (b)           
(unused)                      0     FB10_16 101  I/O     I     

Signals Used by Logic in Function Block
  1: COUNTER<0>         3: COUNTER<2>         4: COUNTER<3> 
  2: COUNTER<1>       

Signal                     1         2         3         4 FB      
Name             0----+----0----+----0----+----0----+----0 Inputs  
C_MONTH1          XXXX.................................... 4       
C_MONTH2          XXXX.................................... 4       
                 0----+----1----+----2----+----3----+----4
                           0         0         0         0
*********************************** FB11 ***********************************
This function block is part of I/O Bank number:               2
Number of function block inputs used/remaining:               0/40
Number of function block control terms used/remaining:        0/4
Number of PLA product terms used/remaining:                   0/56
Signal                        Total Loc     Pin  Pin     Pin   CTC CTR CTS CTE
Name                          Pt            No.  Type    Use   
(unused)                      0     FB11_1       (b)           
(unused)                      0     FB11_2       (b)           
(unused)                      0     FB11_3       (b)           
(unused)                      0     FB11_4       (b)           
(unused)                      0     FB11_5  120  I/O           
(unused)                      0     FB11_6  121  I/O           
(unused)                      0     FB11_7       (b)           
(unused)                      0     FB11_8       (b)           
(unused)                      0     FB11_9       (b)           
(unused)                      0     FB11_10      (b)           
(unused)                      0     FB11_11 124  I/O     I     
(unused)                      0     FB11_12 125  I/O           
(unused)                      0     FB11_13 126  I/O           
(unused)                      0     FB11_14 128  I/O           
(unused)                      0     FB11_15 129  I/O           
(unused)                      0     FB11_16 130  I/O           
*********************************** FB12 ***********************************
This function block is part of I/O Bank number:               2
Number of function block inputs used/remaining:               0/40
Number of function block control terms used/remaining:        0/4
Number of PLA product terms used/remaining:                   0/56
Signal                        Total Loc     Pin  Pin     Pin   CTC CTR CTS CTE
Name                          Pt            No.  Type    Use   
(unused)                      0     FB12_1       (b)           
(unused)                      0     FB12_2  100  I/O           
(unused)                      0     FB12_3       (b)           
(unused)                      0     FB12_4       (b)           
(unused)                      0     FB12_5       (b)           
(unused)                      0     FB12_6       (b)           
(unused)                      0     FB12_7       (b)           
(unused)                      0     FB12_8       (b)           
(unused)                      0     FB12_9       (b)           
(unused)                      0     FB12_10      (b)           
(unused)                      0     FB12_11 98   I/O     I     
(unused)                      0     FB12_12 97   I/O           
(unused)                      0     FB12_13 96   I/O     I     
(unused)                      0     FB12_14 95   I/O           
(unused)                      0     FB12_15 94   I/O           
(unused)                      0     FB12_16      (b)           
*********************************** FB13 ***********************************
This function block is part of I/O Bank number:               1
Number of function block inputs used/remaining:               0/40
Number of function block control terms used/remaining:        0/4
Number of PLA product terms used/remaining:                   0/56
Signal                        Total Loc     Pin  Pin     Pin   CTC CTR CTS CTE
Name                          Pt            No.  Type    Use   
(unused)                      0     FB13_1  75   I/O           
(unused)                      0     FB13_2  76   I/O           
(unused)                      0     FB13_3  77   I/O           
(unused)                      0     FB13_4       (b)           
(unused)                      0     FB13_5  78   I/O           
(unused)                      0     FB13_6  79   I/O           
(unused)                      0     FB13_7       (b)           
(unused)                      0     FB13_8       (b)           
(unused)                      0     FB13_9       (b)           
(unused)                      0     FB13_10      (b)           
(unused)                      0     FB13_11      (b)           
(unused)                      0     FB13_12 80   I/O           
(unused)                      0     FB13_13 81   I/O           
(unused)                      0     FB13_14 82   I/O           
(unused)                      0     FB13_15      (b)           
(unused)                      0     FB13_16      (b)           
*********************************** FB14 ***********************************
This function block is part of I/O Bank number:               1
Number of function block inputs used/remaining:               1/39
Number of function block control terms used/remaining:        0/4
Number of PLA product terms used/remaining:                   1/55
Signal                        Total Loc     Pin  Pin     Pin   CTC CTR CTS CTE
Name                          Pt            No.  Type    Use   
(unused)                      0     FB14_1  74   I/O           
(unused)                      0     FB14_2  71   I/O           
(unused)                      0     FB14_3  70   I/O           
LD0                           1     FB14_4  69   I/O     O                 
(unused)                      0     FB14_5       (b)           
(unused)                      0     FB14_6  68   I/O           
(unused)                      0     FB14_7       (b)           
(unused)                      0     FB14_8       (b)           
(unused)                      0     FB14_9       (b)           
(unused)                      0     FB14_10      (b)           
(unused)                      0     FB14_11      (b)           
(unused)                      0     FB14_12      (b)           
(unused)                      0     FB14_13 66   I/O           
(unused)                      0     FB14_14 64   I/O           
(unused)                      0     FB14_15      (b)           
(unused)                      0     FB14_16 61   I/O           

Signals Used by Logic in Function Block
  1: clk2             

Signal                     1         2         3         4 FB      
Name             0----+----0----+----0----+----0----+----0 Inputs  
LD0               X....................................... 1       
                 0----+----1----+----2----+----3----+----4
                           0         0         0         0
*********************************** FB15 ***********************************
This function block is part of I/O Bank number:               1
Number of function block inputs used/remaining:               0/40
Number of function block control terms used/remaining:        0/4
Number of PLA product terms used/remaining:                   0/56
Signal                        Total Loc     Pin  Pin     Pin   CTC CTR CTS CTE
Name                          Pt            No.  Type    Use   
(unused)                      0     FB15_1       (b)           
(unused)                      0     FB15_2  83   I/O           
(unused)                      0     FB15_3       (b)           
(unused)                      0     FB15_4       (b)           
(unused)                      0     FB15_5       (b)           
(unused)                      0     FB15_6       (b)           
(unused)                      0     FB15_7       (b)           
(unused)                      0     FB15_8       (b)           
(unused)                      0     FB15_9       (b)           
(unused)                      0     FB15_10      (b)           
(unused)                      0     FB15_11 85   I/O           
(unused)                      0     FB15_12 86   I/O           
(unused)                      0     FB15_13 87   I/O           
(unused)                      0     FB15_14 88   I/O           
(unused)                      0     FB15_15 91   I/O           
(unused)                      0     FB15_16 92   I/O           
*********************************** FB16 ***********************************
This function block is part of I/O Bank number:               1
Number of function block inputs used/remaining:               0/40
Number of function block control terms used/remaining:        0/4
Number of PLA product terms used/remaining:                   0/56
Signal                        Total Loc     Pin  Pin     Pin   CTC CTR CTS CTE
Name                          Pt            No.  Type    Use   
(unused)                      0     FB16_1       (b)           
(unused)                      0     FB16_2       (b)           
(unused)                      0     FB16_3       (b)           
(unused)                      0     FB16_4       (b)           
(unused)                      0     FB16_5  60   I/O           
(unused)                      0     FB16_6  59   I/O           
(unused)                      0     FB16_7       (b)           
(unused)                      0     FB16_8       (b)           
(unused)                      0     FB16_9       (b)           
(unused)                      0     FB16_10      (b)           
(unused)                      0     FB16_11 58   I/O           
(unused)                      0     FB16_12 57   I/O           
(unused)                      0     FB16_13 56   I/O           
(unused)                      0     FB16_14      (b)           
(unused)                      0     FB16_15 54   I/O           
(unused)                      0     FB16_16 53   I/O           
*******************************  Equations  ********************************

********** Mapped Logic **********


AN_A <= NOT (((N_PZ_629)
	OR (NOT NUMBER(2) AND NUMBER(0) AND NUMBER(1))
	OR (NUMBER(2) AND NOT NUMBER(0) AND NUMBER(1) AND NUMBER(3))));


AN_B <= NOT (((N_PZ_629)
	OR (NOT NUMBER(2) AND NUMBER(0) AND NOT NUMBER(1))
	OR (NOT NUMBER(2) AND NOT NUMBER(0) AND NUMBER(1))));


AN_C <= NOT (((N_PZ_629)
	OR (NUMBER(2) AND NUMBER(0) AND NOT NUMBER(1))));


AN_DP <= ((NOT COUNTER(0) AND dot AND NOT COUNTER(2) AND NOT COUNTER(1))
	OR (NOT COUNTER(0) AND COUNTER(2) AND NOT COUNTER(1) AND 
	NOT COUNTER(3))
	OR (NOT COUNTER(0) AND NOT COUNTER(2) AND COUNTER(1) AND 
	NOT COUNTER(3))
	OR (NOT COUNTER(0) AND NOT COUNTER(2) AND NOT COUNTER(1) AND 
	COUNTER(3)));


AN_D <= NOT (((N_PZ_629)
	OR (NOT NUMBER(2) AND NUMBER(0) AND NUMBER(1))
	OR (NOT NUMBER(2) AND NOT NUMBER(0) AND NOT NUMBER(1))
	OR (NUMBER(2) AND NOT NUMBER(0) AND NUMBER(1) AND NUMBER(3))));


AN_E <= ((NUMBER(2) AND NUMBER(0) AND NUMBER(1))
	OR (NUMBER(0) AND NOT NUMBER(1) AND NUMBER(3)));


AN_F <= NOT (((N_PZ_629)
	OR (NOT NUMBER(0) AND NOT NUMBER(1))
	OR (NUMBER(2) AND NUMBER(0) AND NOT NUMBER(1) AND NUMBER(3))
	OR (NUMBER(2) AND NOT NUMBER(0) AND NUMBER(1) AND NUMBER(3))));


AN_G <= NOT (((N_PZ_629)
	OR (NUMBER(2) AND NUMBER(1) AND NUMBER(3))
	OR (NOT NUMBER(2) AND NOT NUMBER(0) AND NOT NUMBER(1))));

FDCPE_CLK_COUNTER0: FDCPE port map (CLK_COUNTER(0),CLK_COUNTER_D(0),BOARD_CLK,'0','0','1');
CLK_COUNTER_D(0) <= (NOT N_PZ_407 AND NOT CLK_COUNTER(0));

FDCPE_CLK_COUNTER1: FDCPE port map (CLK_COUNTER(1),CLK_COUNTER_D(1),BOARD_CLK,'0','0','1');
CLK_COUNTER_D(1) <= ((NOT N_PZ_407 AND CLK_COUNTER(0) AND NOT CLK_COUNTER(1))
	OR (NOT N_PZ_407 AND NOT CLK_COUNTER(0) AND CLK_COUNTER(1)));

FDCPE_CLK_COUNTER2: FDCPE port map (CLK_COUNTER(2),CLK_COUNTER_D(2),BOARD_CLK,'0','0','1');
CLK_COUNTER_D(2) <= ((NOT N_PZ_407 AND NOT N_PZ_627 AND CLK_COUNTER(2))
	OR (NOT N_PZ_407 AND NOT N_PZ_627 AND CLK_COUNTER(0) AND 
	CLK_COUNTER(1)));

FDCPE_CLK_COUNTER3: FDCPE port map (CLK_COUNTER(3),CLK_COUNTER_D(3),BOARD_CLK,'0','0','1');
CLK_COUNTER_D(3) <= ((NOT N_PZ_407 AND CLK_COUNTER(3) AND NOT N_PZ_627)
	OR (NOT N_PZ_407 AND NOT CLK_COUNTER(3) AND N_PZ_627));

FTCPE_CLK_COUNTER4: FTCPE port map (CLK_COUNTER(4),CLK_COUNTER_T(4),BOARD_CLK,'0','0','1');
CLK_COUNTER_T(4) <= ((N_PZ_407 AND CLK_COUNTER(4))
	OR (NOT N_PZ_407 AND CLK_COUNTER(3) AND N_PZ_627));

FDCPE_CLK_COUNTER5: FDCPE port map (CLK_COUNTER(5),CLK_COUNTER_D(5),BOARD_CLK,'0','0','1');
CLK_COUNTER_D(5) <= ((NOT N_PZ_407 AND NOT N_PZ_590 AND CLK_COUNTER(5))
	OR (NOT N_PZ_407 AND NOT N_PZ_590 AND CLK_COUNTER(3) AND N_PZ_627 AND 
	CLK_COUNTER(4)));

FDCPE_CLK_COUNTER6: FDCPE port map (CLK_COUNTER(6),CLK_COUNTER_D(6),BOARD_CLK,'0','0','1');
CLK_COUNTER_D(6) <= ((NOT N_PZ_407 AND CLK_COUNTER(6) AND NOT N_PZ_590)
	OR (NOT N_PZ_407 AND NOT CLK_COUNTER(6) AND N_PZ_590));

FDCPE_CLK_COUNTER7: FDCPE port map (CLK_COUNTER(7),CLK_COUNTER_D(7),BOARD_CLK,'0','0','1');
CLK_COUNTER_D(7) <= ((NOT N_PZ_407 AND NOT N_PZ_425 AND CLK_COUNTER(7))
	OR (NOT N_PZ_407 AND NOT N_PZ_425 AND CLK_COUNTER(6) AND N_PZ_590));

FDCPE_CLK_COUNTER8: FDCPE port map (CLK_COUNTER(8),CLK_COUNTER_D(8),BOARD_CLK,'0','0','1');
CLK_COUNTER_D(8) <= ((NOT N_PZ_407 AND CLK_COUNTER(8) AND NOT N_PZ_425)
	OR (NOT N_PZ_407 AND NOT CLK_COUNTER(8) AND N_PZ_425));

FTCPE_CLK_COUNTER9: FTCPE port map (CLK_COUNTER(9),CLK_COUNTER_T(9),BOARD_CLK,'0','0','1');
CLK_COUNTER_T(9) <= ((N_PZ_407 AND CLK_COUNTER(9))
	OR (NOT N_PZ_407 AND CLK_COUNTER(8) AND N_PZ_425));

FTCPE_CLK_COUNTER10: FTCPE port map (CLK_COUNTER(10),CLK_COUNTER_T(10),BOARD_CLK,'0','0','1');
CLK_COUNTER_T(10) <= ((N_PZ_407 AND CLK_COUNTER(10))
	OR (NOT N_PZ_407 AND CLK_COUNTER(8) AND N_PZ_425 AND 
	CLK_COUNTER(9)));

FTCPE_CLK_COUNTER11: FTCPE port map (CLK_COUNTER(11),CLK_COUNTER_T(11),BOARD_CLK,'0','0','1');
CLK_COUNTER_T(11) <= ((N_PZ_407 AND CLK_COUNTER(11))
	OR (NOT N_PZ_407 AND CLK_COUNTER(10) AND CLK_COUNTER(8) AND 
	N_PZ_425 AND CLK_COUNTER(9))
	OR (CLK_COUNTER(10) AND CLK_COUNTER(8) AND 
	CLK_COUNTER(6) AND CLK_COUNTER(9) AND CLK_COUNTER(11) AND 
	CLK_COUNTER(12))
	OR (CLK_COUNTER(10) AND CLK_COUNTER(8) AND 
	CLK_COUNTER(7) AND CLK_COUNTER(9) AND CLK_COUNTER(11) AND 
	CLK_COUNTER(12)));

FDCPE_CLK_COUNTER12: FDCPE port map (CLK_COUNTER(12),CLK_COUNTER_D(12),BOARD_CLK,'0','0','1');
CLK_COUNTER_D(12) <= ((NOT N_PZ_407 AND CLK_COUNTER(12))
	OR (NOT N_PZ_407 AND CLK_COUNTER(10) AND CLK_COUNTER(8) AND 
	N_PZ_425 AND CLK_COUNTER(9) AND CLK_COUNTER(11)));

FDCPE_CLK_COUNTER13: FDCPE port map (CLK_COUNTER(13),'0',BOARD_CLK,'0','0','1');

FDCPE_CLK_COUNTER14: FDCPE port map (CLK_COUNTER(14),'0',BOARD_CLK,'0','0','1');

FDCPE_CLK_COUNTER15: FDCPE port map (CLK_COUNTER(15),'0',BOARD_CLK,'0','0','1');

FTCPE_COUNTER0: FTCPE port map (COUNTER(0),N_PZ_407,BOARD_CLK,'0','0','1');

FTCPE_COUNTER1: FTCPE port map (COUNTER(1),COUNTER_T(1),BOARD_CLK,'0','0','1');
COUNTER_T(1) <= (COUNTER(0) AND N_PZ_407);

FTCPE_COUNTER2: FTCPE port map (COUNTER(2),COUNTER_T(2),BOARD_CLK,'0','0','1');
COUNTER_T(2) <= (COUNTER(0) AND N_PZ_407 AND COUNTER(1));

FTCPE_COUNTER3: FTCPE port map (COUNTER(3),COUNTER_T(3),BOARD_CLK,'0','0','1');
COUNTER_T(3) <= (COUNTER(0) AND N_PZ_407 AND COUNTER(2) AND COUNTER(1));

FDCPE_COUNTER_5550: FDCPE port map (COUNTER_555(0),COUNTER_555_D(0),clk2,'0','0','1');
COUNTER_555_D(0) <= (NOT COUNTER_555(2) AND NOT COUNTER_555(0));

FDCPE_COUNTER_5551: FDCPE port map (COUNTER_555(1),COUNTER_555_D(1),clk2,'0','0','1');
COUNTER_555_D(1) <= ((NOT COUNTER_555(2) AND COUNTER_555(0) AND NOT COUNTER_555(1))
	OR (NOT COUNTER_555(2) AND NOT COUNTER_555(0) AND COUNTER_555(1)));

FDCPE_COUNTER_5552: FDCPE port map (COUNTER_555(2),COUNTER_555_D(2),clk2,'0','0','1');
COUNTER_555_D(2) <= (NOT COUNTER_555(2) AND COUNTER_555(0) AND COUNTER_555(1));


C_DAY1 <= NOT ((NOT COUNTER(0) AND COUNTER(2) AND COUNTER(1) AND 
	NOT COUNTER(3)));


C_DAY2 <= NOT ((COUNTER(0) AND COUNTER(2) AND COUNTER(1) AND 
	NOT COUNTER(3)));


C_HOUR1 <= NOT ((NOT COUNTER(0) AND COUNTER(2) AND NOT COUNTER(1) AND 
	NOT COUNTER(3)));


C_HOUR2 <= NOT ((COUNTER(0) AND COUNTER(2) AND NOT COUNTER(1) AND 
	NOT COUNTER(3)));


C_MIN1 <= NOT ((NOT COUNTER(0) AND NOT COUNTER(2) AND COUNTER(1) AND 
	NOT COUNTER(3)));


C_MIN2 <= NOT ((COUNTER(0) AND NOT COUNTER(2) AND COUNTER(1) AND 
	NOT COUNTER(3)));


C_MONTH1 <= NOT ((NOT COUNTER(0) AND NOT COUNTER(2) AND NOT COUNTER(1) AND 
	COUNTER(3)));


C_MONTH2 <= NOT ((COUNTER(0) AND NOT COUNTER(2) AND NOT COUNTER(1) AND 
	COUNTER(3)));


C_SEC1 <= NOT ((NOT COUNTER(0) AND NOT COUNTER(2) AND NOT COUNTER(1) AND 
	NOT COUNTER(3)));


C_SEC2 <= NOT ((COUNTER(0) AND NOT COUNTER(2) AND NOT COUNTER(1) AND 
	NOT COUNTER(3)));

FDCPE_HOUR10: FDCPE port map (HOUR1(0),HOUR1_D(0),clk2,'0','0','1');
HOUR1_D(0) <= ((sw_hour24 AND HOUR1(0) AND NOT dot AND NOT N_PZ_346)
	OR (NOT sw_hour24 AND HOUR1(0) AND NOT N_PZ_346 AND N_PZ_514)
	OR (HOUR1(0) AND NOT N_PZ_346 AND N_PZ_388 AND 
	NOT HOUR1_0__and000019)
	OR (NOT HOUR1(0) AND N_PZ_346 AND N_PZ_388 AND 
	NOT HOUR1_0__and000019)
	OR (sw_set AND NOT sw_hour24 AND N_PZ_346 AND N_PZ_388 AND 
	NOT N_PZ_424)
	OR (NOT sw_hour24 AND NOT HOUR2(1) AND HOUR2(0) AND NOT HOUR1(0) AND 
	NOT HOUR2(2) AND N_PZ_541 AND NOT HOUR2(3) AND HOUR1(1) AND N_PZ_388 AND 
	NOT HOUR1(2) AND NOT HOUR1(3)));

FDCPE_HOUR11: FDCPE port map (HOUR1(1),HOUR1_D(1),clk2,'0','0','1');
HOUR1_D(1) <= ((HOUR1(1) AND N_PZ_585)
	OR (NOT HOUR1(1) AND N_PZ_388 AND NOT N_PZ_438 AND NOT N_PZ_585)
	OR (HOUR1(0) AND N_PZ_346 AND NOT HOUR1(1) AND N_PZ_388 AND 
	NOT N_PZ_438));

FDCPE_HOUR12: FDCPE port map (HOUR1(2),HOUR1_D(2),clk2,'0','0','1');
HOUR1_D(2) <= ((HOUR1(2) AND N_PZ_585)
	OR (N_PZ_346 AND NOT HOUR1(1) AND N_PZ_388 AND HOUR1(2) AND 
	NOT N_PZ_438)
	OR (NOT N_PZ_523 AND NOT HOUR1(1) AND N_PZ_388 AND HOUR1(2) AND 
	NOT N_PZ_438)
	OR (HOUR1(0) AND N_PZ_346 AND HOUR1(1) AND N_PZ_388 AND 
	NOT HOUR1(2) AND NOT N_PZ_438)
	OR (NOT N_PZ_346 AND N_PZ_523 AND HOUR1(1) AND N_PZ_388 AND 
	HOUR1(2) AND NOT N_PZ_438)
	OR (NOT N_PZ_346 AND N_PZ_523 AND NOT HOUR1(1) AND N_PZ_388 AND 
	NOT HOUR1(2) AND NOT N_PZ_438)
	OR (sw_hour24 AND dot AND NOT N_PZ_346 AND HOUR1(1) AND 
	N_PZ_388 AND NOT HOUR1(2) AND NOT N_PZ_438));

FDCPE_HOUR13: FDCPE port map (HOUR1(3),HOUR1_D(3),clk2,'0','0','1');
HOUR1_D(3) <= ((HOUR1(3) AND N_PZ_585)
	OR (N_PZ_346 AND N_PZ_388 AND NOT HOUR1(2) AND NOT N_PZ_438 AND 
	HOUR1(3))
	OR (NOT N_PZ_523 AND N_PZ_388 AND NOT HOUR1(2) AND NOT N_PZ_438 AND 
	HOUR1(3))
	OR (NOT HOUR1(1) AND N_PZ_388 AND HOUR1(2) AND NOT N_PZ_438 AND 
	HOUR1(3))
	OR (NOT N_PZ_346 AND N_PZ_523 AND HOUR1(1) AND N_PZ_388 AND 
	NOT N_PZ_438 AND HOUR1(3))
	OR (HOUR1(0) AND N_PZ_346 AND HOUR1(1) AND N_PZ_388 AND 
	HOUR1(2) AND NOT N_PZ_438 AND NOT HOUR1(3))
	OR (NOT N_PZ_346 AND N_PZ_523 AND NOT HOUR1(1) AND N_PZ_388 AND 
	NOT HOUR1(2) AND NOT N_PZ_438 AND NOT HOUR1(3))
	OR (sw_hour24 AND dot AND HOUR1(1) AND N_PZ_388 AND 
	HOUR1(2) AND NOT N_PZ_438 AND NOT HOUR1(3) AND NOT N_PZ_585));


HOUR1_0__and000019 <= (NOT sw_hour24 AND NOT HOUR2(1) AND NOT HOUR2(0) AND HOUR1(0) AND 
	NOT HOUR2(2) AND N_PZ_541 AND NOT HOUR2(3) AND NOT HOUR1(1) AND NOT HOUR1(2) AND 
	HOUR1(3));

FTCPE_HOUR20: FTCPE port map (HOUR2(0),HOUR2_T(0),clk2,'0','0','1');
HOUR2_T(0) <= ((HOUR2(0) AND N_PZ_384)
	OR (sw_hour24 AND NOT N_PZ_384 AND HOUR2_or0013 AND 
	NOT HOUR1_0__and000019)
	OR (NOT HOUR2(0) AND NOT N_PZ_384 AND HOUR2_or0013 AND 
	HOUR1_0__and000019)
	OR (NOT N_PZ_384 AND HOUR2_or0013 AND NOT N_PZ_541 AND 
	NOT HOUR1_0__and000019)
	OR (NOT N_PZ_384 AND HOUR2_or0013 AND NOT N_PZ_514 AND 
	NOT HOUR1_0__and000019)
	OR (NOT HOUR2(1) AND HOUR2(0) AND NOT HOUR2(2) AND HOUR2_or0013 AND 
	NOT HOUR2(3) AND HOUR1(1) AND NOT HOUR1_0__and000019));

FTCPE_HOUR21: FTCPE port map (HOUR2(1),HOUR2_T(1),clk2,'0','0','1');
HOUR2_T(1) <= ((HOUR2(1) AND N_PZ_384 AND NOT N_PZ_563)
	OR (HOUR2(1) AND N_PZ_512 AND NOT N_PZ_563)
	OR (HOUR2(0) AND NOT N_PZ_384 AND NOT N_PZ_523 AND NOT N_PZ_512 AND 
	NOT N_PZ_563)
	OR (NOT HOUR2(0) AND NOT N_PZ_384 AND N_PZ_523 AND NOT N_PZ_512 AND 
	NOT N_PZ_563)
	OR (NOT HOUR2(1) AND HOUR2(0) AND NOT HOUR1(0) AND NOT HOUR2(2) AND 
	HOUR2_or0013 AND NOT N_PZ_523 AND NOT HOUR2(3) AND NOT N_PZ_512 AND HOUR1(1) AND 
	NOT HOUR1(2) AND NOT HOUR1(3) AND N_PZ_563));

FDCPE_HOUR22: FDCPE port map (HOUR2(2),HOUR2_D(2),clk2,'0','0','1');
HOUR2_D(2) <= ((HOUR2(2) AND N_PZ_563)
	OR (HOUR2(1) AND NOT HOUR2(0) AND NOT N_PZ_384 AND HOUR2(2) AND 
	HOUR2_or0013 AND NOT N_PZ_512)
	OR (NOT HOUR2(1) AND NOT N_PZ_384 AND HOUR2(2) AND HOUR2_or0013 AND 
	NOT N_PZ_523 AND NOT N_PZ_512)
	OR (HOUR2(0) AND NOT N_PZ_384 AND HOUR2(2) AND HOUR2_or0013 AND 
	N_PZ_523 AND NOT N_PZ_512)
	OR (HOUR2(1) AND HOUR2(0) AND NOT N_PZ_384 AND NOT HOUR2(2) AND 
	HOUR2_or0013 AND NOT N_PZ_523 AND NOT N_PZ_512)
	OR (NOT HOUR2(1) AND NOT HOUR2(0) AND NOT N_PZ_384 AND NOT HOUR2(2) AND 
	HOUR2_or0013 AND N_PZ_523 AND NOT N_PZ_512));

FTCPE_HOUR23: FTCPE port map (HOUR2(3),HOUR2_T(3),clk2,'0','0','1');
HOUR2_T(3) <= ((N_PZ_384 AND HOUR2(3) AND NOT N_PZ_563)
	OR (NOT HOUR2_or0013 AND HOUR2(3) AND NOT N_PZ_563)
	OR (HOUR2(3) AND N_PZ_512 AND NOT N_PZ_563)
	OR (HOUR2(1) AND HOUR2(0) AND HOUR2(2) AND NOT N_PZ_523 AND 
	HOUR2(3) AND NOT N_PZ_563)
	OR (NOT HOUR2(1) AND NOT HOUR2(0) AND NOT HOUR2(2) AND N_PZ_523 AND 
	HOUR2(3) AND NOT N_PZ_563)
	OR (HOUR2(1) AND HOUR2(0) AND NOT N_PZ_384 AND HOUR2(2) AND 
	HOUR2_or0013 AND NOT N_PZ_523 AND NOT HOUR2(3) AND NOT N_PZ_512)
	OR (NOT HOUR2(1) AND NOT HOUR2(0) AND NOT N_PZ_384 AND NOT HOUR2(2) AND 
	HOUR2_or0013 AND N_PZ_523 AND NOT HOUR2(3) AND NOT N_PZ_512));


HOUR2_or0013 <= ((NOT sw_set AND N_PZ_523)
	OR (sw_hour24 AND dot)
	OR (NOT set_hour AND N_PZ_523)
	OR (N_PZ_523 AND N_PZ_550)
	OR (NOT HOUR2(1) AND HOUR1(0) AND NOT HOUR2(2) AND N_PZ_541 AND 
	NOT HOUR2(3) AND NOT HOUR1(1) AND NOT HOUR1(2) AND HOUR1(3))
	OR (sw_set AND NOT HOUR2(1) AND set_hour AND HOUR1(0) AND 
	NOT HOUR2(2) AND NOT HOUR2(3) AND NOT HOUR1(1) AND NOT HOUR1(2) AND HOUR1(3) AND 
	N_PZ_550));


LD0 <= clk2;

FTCPE_MIN10: FTCPE port map (MIN1(0),N_PZ_345,clk2,'0','0','1');

FTCPE_MIN11: FTCPE port map (MIN1(1),MIN1_T(1),clk2,'0','0','1');
MIN1_T(1) <= (MIN1(0) AND N_PZ_345)
	XOR (MIN1(0) AND N_PZ_345 AND NOT MIN1(1) AND NOT MIN1(2) AND 
	MIN1(3));

FTCPE_MIN12: FTCPE port map (MIN1(2),MIN1_T(2),clk2,'0','0','1');
MIN1_T(2) <= (MIN1(0) AND N_PZ_345 AND MIN1(1));

FTCPE_MIN13: FTCPE port map (MIN1(3),MIN1_T(3),clk2,'0','0','1');
MIN1_T(3) <= ((MIN1(0) AND N_PZ_345 AND MIN1(1) AND MIN1(2))
	OR (MIN1(0) AND N_PZ_345 AND NOT MIN1(1) AND NOT MIN1(2) AND 
	MIN1(3)));

FTCPE_MIN20: FTCPE port map (MIN2(0),MIN2_T(0),clk2,'0','0','1');
MIN2_T(0) <= (MIN1(0) AND N_PZ_345 AND NOT MIN1(1) AND NOT MIN1(2) AND 
	MIN1(3));

FTCPE_MIN21: FTCPE port map (MIN2(1),MIN2_T(1),clk2,'0','0','1');
MIN2_T(1) <= ((MIN1(0) AND N_PZ_345 AND MIN2(0) AND NOT MIN1(1) AND 
	NOT MIN1(2) AND MIN1(3) AND MIN2(1))
	OR (MIN1(0) AND N_PZ_345 AND MIN2(0) AND NOT MIN1(1) AND 
	NOT MIN1(2) AND MIN1(3) AND NOT MIN2(2))
	OR (MIN1(0) AND N_PZ_345 AND MIN2(0) AND NOT MIN1(1) AND 
	NOT MIN1(2) AND MIN1(3) AND MIN2(3)));

FTCPE_MIN22: FTCPE port map (MIN2(2),MIN2_T(2),clk2,'0','0','1');
MIN2_T(2) <= ((MIN1(0) AND N_PZ_345 AND MIN2(0) AND NOT MIN1(1) AND 
	NOT MIN1(2) AND MIN1(3) AND MIN2(1))
	OR (MIN1(0) AND N_PZ_345 AND MIN2(0) AND NOT MIN1(1) AND 
	NOT MIN1(2) AND MIN1(3) AND MIN2(2) AND NOT MIN2(3)));

FTCPE_MIN23: FTCPE port map (MIN2(3),MIN2_T(3),clk2,'0','0','1');
MIN2_T(3) <= (MIN1(0) AND N_PZ_345 AND MIN2(0) AND NOT MIN1(1) AND 
	NOT MIN1(2) AND MIN1(3) AND MIN2(1) AND MIN2(2));

FTCPE_Mcompar_day1_cmp_eq0000_or0000_xor0001: FTCPE port map (Mcompar_day1_cmp_eq0000_or0000_xor0001,Mcompar_day1_cmp_eq0000_or0000_xor0001_T,clk2,'0','0','1');
Mcompar_day1_cmp_eq0000_or0000_xor0001_T <= ((Mcompar_day1_cmp_eq0000_or0000_xor0001 AND day1(0) AND 
	NOT N_PZ_450)
	OR (day1(0) AND Mcompar_day1_cmp_eq0000_or0001_xor0000 AND 
	NOT N_PZ_450)
	OR (day1(0) AND NOT N_PZ_450 AND N_PZ_396 AND NOT day1(3)));

FTCPE_Mcompar_day1_cmp_eq0000_or0001_xor0000: FTCPE port map (Mcompar_day1_cmp_eq0000_or0001_xor0000,Mcompar_day1_cmp_eq0000_or0001_xor0000_T,clk2,'0','0','1');
Mcompar_day1_cmp_eq0000_or0001_xor0000_T <= (Mcompar_day1_cmp_eq0000_or0000_xor0001 AND day1(0) AND 
	NOT N_PZ_450);

FTCPE_Mcompar_day1_cmp_eq0001_or0001_xor0000: FTCPE port map (Mcompar_day1_cmp_eq0001_or0001_xor0000,Mcompar_day1_cmp_eq0001_or0001_xor0000_T,clk2,'0','0','1');
Mcompar_day1_cmp_eq0001_or0001_xor0000_T <= (NOT Mcompar_day1_cmp_eq0000_or0000_xor0001 AND day1(0) AND 
	NOT Mcompar_day1_cmp_eq0000_or0001_xor0000 AND NOT N_PZ_450 AND N_PZ_396 AND day2(0) AND day1(3) AND 
	day2(1));

FTCPE_Mcompar_day1_cmp_eq0001_or0001_xor0001: FTCPE port map (Mcompar_day1_cmp_eq0001_or0001_xor0001,Mcompar_day1_cmp_eq0001_or0001_xor0001_T,clk2,'0','0','1');
Mcompar_day1_cmp_eq0001_or0001_xor0001_T <= (NOT Mcompar_day1_cmp_eq0000_or0000_xor0001 AND day1(0) AND 
	NOT Mcompar_day1_cmp_eq0000_or0001_xor0000 AND NOT N_PZ_450 AND Mcompar_day1_cmp_eq0001_or0001_xor0000 AND 
	day2(0) AND day1(3) AND day2(1));


NUMBER(0) <= ((COUNTER(0) AND NOT HOUR2(0) AND COUNTER(2) AND NOT COUNTER(1) AND 
	NOT COUNTER(3))
	OR (COUNTER(0) AND NOT SEC2(0) AND NOT COUNTER(2) AND NOT COUNTER(1) AND 
	NOT COUNTER(3))
	OR (COUNTER(0) AND NOT MIN2(0) AND NOT COUNTER(2) AND COUNTER(1) AND 
	NOT COUNTER(3))
	OR (COUNTER(0) AND NOT day2(0) AND COUNTER(2) AND COUNTER(1) AND 
	NOT COUNTER(3))
	OR (COUNTER(0) AND NOT month(4) AND NOT COUNTER(2) AND NOT COUNTER(1) AND 
	COUNTER(3))
	OR (NOT COUNTER(0) AND NOT day1(0) AND COUNTER(2) AND COUNTER(1) AND 
	NOT COUNTER(3))
	OR (NOT COUNTER(0) AND NOT HOUR1(0) AND COUNTER(2) AND NOT COUNTER(1) AND 
	NOT COUNTER(3))
	OR (NOT COUNTER(0) AND NOT MIN1(0) AND NOT COUNTER(2) AND COUNTER(1) AND 
	NOT COUNTER(3))
	OR (NOT COUNTER(0) AND NOT SEC1(0) AND NOT COUNTER(2) AND NOT COUNTER(1) AND 
	NOT COUNTER(3))
	OR (NOT COUNTER(0) AND NOT month(0) AND NOT COUNTER(2) AND NOT COUNTER(1) AND 
	COUNTER(3)));


NUMBER(1) <= ((COUNTER(0) AND NOT HOUR2(1) AND COUNTER(2) AND NOT COUNTER(1) AND 
	NOT COUNTER(3))
	OR (COUNTER(0) AND NOT SEC2(1) AND NOT COUNTER(2) AND NOT COUNTER(1) AND 
	NOT COUNTER(3))
	OR (COUNTER(0) AND NOT MIN2(1) AND NOT COUNTER(2) AND COUNTER(1) AND 
	NOT COUNTER(3))
	OR (COUNTER(0) AND NOT day2(1) AND COUNTER(2) AND COUNTER(1) AND 
	NOT COUNTER(3))
	OR (COUNTER(0) AND NOT month(5) AND NOT COUNTER(2) AND NOT COUNTER(1) AND 
	COUNTER(3))
	OR (NOT COUNTER(0) AND 
	NOT Mcompar_day1_cmp_eq0000_or0000_xor0001 AND COUNTER(2) AND COUNTER(1) AND NOT COUNTER(3))
	OR (NOT COUNTER(0) AND NOT SEC1(1) AND NOT COUNTER(2) AND NOT COUNTER(1) AND 
	NOT COUNTER(3))
	OR (NOT COUNTER(0) AND NOT MIN1(1) AND NOT COUNTER(2) AND COUNTER(1) AND 
	NOT COUNTER(3))
	OR (NOT COUNTER(0) AND NOT HOUR1(1) AND COUNTER(2) AND NOT COUNTER(1) AND 
	NOT COUNTER(3))
	OR (NOT COUNTER(0) AND NOT month(1) AND NOT COUNTER(2) AND NOT COUNTER(1) AND 
	COUNTER(3)));


NUMBER(2) <= ((COUNTER(0) AND NOT HOUR2(2) AND COUNTER(2) AND NOT COUNTER(1) AND 
	NOT COUNTER(3))
	OR (COUNTER(0) AND NOT SEC2(2) AND NOT COUNTER(2) AND NOT COUNTER(1) AND 
	NOT COUNTER(3))
	OR (COUNTER(0) AND NOT MIN2(2) AND NOT COUNTER(2) AND COUNTER(1) AND 
	NOT COUNTER(3))
	OR (COUNTER(0) AND 
	NOT Mcompar_day1_cmp_eq0001_or0001_xor0000 AND COUNTER(2) AND COUNTER(1) AND NOT COUNTER(3))
	OR (COUNTER(0) AND NOT month(6) AND NOT COUNTER(2) AND NOT COUNTER(1) AND 
	COUNTER(3))
	OR (NOT COUNTER(0) AND NOT month(2) AND NOT COUNTER(2) AND NOT COUNTER(1) AND 
	COUNTER(3))
	OR (NOT COUNTER(0) AND 
	NOT Mcompar_day1_cmp_eq0000_or0001_xor0000 AND COUNTER(2) AND COUNTER(1) AND NOT COUNTER(3))
	OR (NOT COUNTER(0) AND NOT SEC1(2) AND NOT COUNTER(2) AND NOT COUNTER(1) AND 
	NOT COUNTER(3))
	OR (NOT COUNTER(0) AND NOT MIN1(2) AND NOT COUNTER(2) AND COUNTER(1) AND 
	NOT COUNTER(3))
	OR (NOT COUNTER(0) AND NOT HOUR1(2) AND COUNTER(2) AND NOT COUNTER(1) AND 
	NOT COUNTER(3)));


NUMBER(3) <= ((COUNTER(0) AND NOT SEC2(3) AND NOT COUNTER(2) AND NOT COUNTER(1) AND 
	NOT COUNTER(3))
	OR (COUNTER(0) AND NOT MIN2(3) AND NOT COUNTER(2) AND COUNTER(1) AND 
	NOT COUNTER(3))
	OR (COUNTER(0) AND NOT HOUR2(3) AND COUNTER(2) AND NOT COUNTER(1) AND 
	NOT COUNTER(3))
	OR (COUNTER(0) AND 
	NOT Mcompar_day1_cmp_eq0001_or0001_xor0001 AND COUNTER(2) AND COUNTER(1) AND NOT COUNTER(3))
	OR (COUNTER(0) AND NOT month(7) AND NOT COUNTER(2) AND NOT COUNTER(1) AND 
	COUNTER(3))
	OR (NOT COUNTER(0) AND NOT month(3) AND NOT COUNTER(2) AND NOT COUNTER(1) AND 
	COUNTER(3))
	OR (NOT COUNTER(0) AND NOT SEC1(3) AND NOT COUNTER(2) AND NOT COUNTER(1) AND 
	NOT COUNTER(3))
	OR (NOT COUNTER(0) AND NOT MIN1(3) AND NOT COUNTER(2) AND COUNTER(1) AND 
	NOT COUNTER(3))
	OR (NOT COUNTER(0) AND NOT HOUR1(3) AND COUNTER(2) AND NOT COUNTER(1) AND 
	NOT COUNTER(3))
	OR (NOT COUNTER(0) AND NOT day1(3) AND COUNTER(2) AND COUNTER(1) AND 
	NOT COUNTER(3)));


N_PZ_345 <= ((sw_set AND set_min)
	OR (NOT sw_set AND SEC1(0) AND COUNTER_555(2) AND SEC2(0) AND 
	NOT SEC1(1) AND NOT SEC1(2) AND SEC1(3) AND NOT SEC2(1) AND SEC2(2) AND 
	NOT SEC2(3)));


N_PZ_346 <= ((N_PZ_541)
	OR (sw_set AND set_hour));


N_PZ_384 <= NOT N_PZ_463
	XOR ((sw_hour24 AND NOT HOUR2(1) AND NOT N_PZ_463 AND NOT HOUR2(2) AND 
	NOT HOUR2(3) AND NOT N_PZ_424)
	OR (NOT HOUR2(1) AND NOT N_PZ_463 AND NOT HOUR2(2) AND NOT HOUR2(3) AND 
	NOT HOUR1(1) AND NOT HOUR1(2))
	OR (NOT HOUR2(1) AND NOT N_PZ_463 AND NOT HOUR2(2) AND NOT HOUR2(3) AND 
	NOT HOUR1(3) AND N_PZ_424)
	OR (sw_hour24 AND NOT HOUR2(0) AND NOT N_PZ_463 AND NOT HOUR2(2) AND 
	NOT HOUR2(3) AND NOT HOUR1(1) AND NOT HOUR1(2))
	OR (sw_hour24 AND HOUR2(1) AND NOT HOUR2(0) AND N_PZ_463 AND 
	NOT HOUR2(2) AND N_PZ_541 AND NOT N_PZ_514 AND NOT HOUR2(3) AND HOUR1(1) AND 
	NOT HOUR1(2) AND NOT HOUR1(3)));


N_PZ_388 <= N_PZ_463
	XOR ((NOT sw_hour24 AND NOT N_PZ_463 AND NOT N_PZ_424)
	OR (NOT HOUR2(1) AND NOT N_PZ_463 AND NOT HOUR2(2) AND NOT HOUR2(3) AND 
	NOT HOUR1(3))
	OR (NOT HOUR2(1) AND NOT N_PZ_463 AND NOT HOUR1(0) AND NOT HOUR2(2) AND 
	NOT HOUR2(3) AND NOT HOUR1(1) AND NOT HOUR1(2))
	OR (sw_hour24 AND HOUR2(1) AND NOT HOUR2(0) AND NOT N_PZ_463 AND 
	NOT HOUR2(2) AND NOT HOUR2(3) AND NOT HOUR1(1) AND NOT HOUR1(2))
	OR (NOT sw_hour24 AND NOT HOUR2(1) AND NOT N_PZ_463 AND NOT HOUR2(2) AND 
	NOT N_PZ_514 AND NOT HOUR2(3) AND NOT HOUR1(1) AND NOT HOUR1(2))
	OR (sw_hour24 AND NOT HOUR2(1) AND N_PZ_463 AND HOUR1(0) AND 
	NOT HOUR2(2) AND N_PZ_541 AND NOT HOUR2(3) AND NOT HOUR1(1) AND NOT HOUR1(2) AND 
	HOUR1(3))
	OR (sw_hour24 AND HOUR2(1) AND NOT HOUR2(0) AND N_PZ_463 AND 
	NOT HOUR2(2) AND N_PZ_541 AND NOT N_PZ_514 AND NOT HOUR2(3) AND HOUR1(1) AND 
	NOT HOUR1(2) AND NOT HOUR1(3)));


N_PZ_396 <= ((Mcompar_day1_cmp_eq0001_or0001_xor0000)
	OR (Mcompar_day1_cmp_eq0001_or0001_xor0001)
	OR (day1(0) AND NOT maxday1(0))
	OR (NOT day1(0) AND maxday1(0))
	OR (day2(0) AND NOT maxday2(0))
	OR (NOT day2(0) AND maxday2(0))
	OR (day1(3) AND NOT maxday1(3))
	OR (NOT day1(3) AND maxday1(3))
	OR (day2(1) AND NOT maxday2(1))
	OR (NOT day2(1) AND maxday2(1)));


N_PZ_407 <= ((CLK_COUNTER(13))
	OR (CLK_COUNTER(14))
	OR (CLK_COUNTER(15))
	OR (CLK_COUNTER(10) AND CLK_COUNTER(8) AND 
	CLK_COUNTER(6) AND CLK_COUNTER(9) AND CLK_COUNTER(11) AND 
	CLK_COUNTER(12))
	OR (CLK_COUNTER(10) AND CLK_COUNTER(8) AND 
	CLK_COUNTER(7) AND CLK_COUNTER(9) AND CLK_COUNTER(11) AND 
	CLK_COUNTER(12)));


N_PZ_424 <= ((NOT N_PZ_514)
	OR (NOT HOUR1(1))
	OR (NOT HOUR2(1) AND NOT HOUR2(0) AND NOT HOUR2(2) AND NOT HOUR2(3)));


N_PZ_425 <= (CLK_COUNTER(6) AND N_PZ_590 AND CLK_COUNTER(7));


N_PZ_438 <= ((HOUR1_0__and000019)
	OR (sw_set AND NOT sw_hour24 AND set_hour AND NOT N_PZ_424)
	OR (NOT sw_hour24 AND NOT HOUR2(1) AND HOUR2(0) AND NOT HOUR1(0) AND 
	NOT HOUR2(2) AND N_PZ_541 AND NOT HOUR2(3) AND HOUR1(1) AND NOT HOUR1(2) AND 
	NOT HOUR1(3)));


N_PZ_450 <= ((NOT sw_set AND NOT N_PZ_534)
	OR (NOT N_PZ_534 AND NOT set_day));


N_PZ_463 <= ((NOT sw_set)
	OR (NOT set_hour)
	OR (sw_hour24 AND NOT HOUR2(0) AND NOT HOUR1(0) AND NOT HOUR2(2) AND 
	NOT HOUR2(3) AND NOT HOUR1(3))
	OR (sw_hour24 AND NOT HOUR2(0) AND NOT HOUR2(2) AND NOT HOUR2(3) AND 
	HOUR1(2) AND NOT HOUR1(3)));


N_PZ_512 <= ((NOT sw_hour24 AND N_PZ_541 AND N_PZ_514)
	OR (NOT sw_hour24 AND NOT HOUR2(1) AND NOT HOUR2(0) AND HOUR1(0) AND 
	NOT HOUR2(2) AND N_PZ_346 AND NOT HOUR2(3) AND NOT HOUR1(1) AND NOT HOUR1(2) AND 
	HOUR1(3)));


N_PZ_514 <= ((NOT HOUR1(0) AND NOT HOUR1(2) AND NOT HOUR1(3))
	OR (NOT HOUR1(1) AND NOT HOUR1(2) AND NOT HOUR1(3))
	OR (NOT HOUR2(1) AND NOT HOUR2(0) AND NOT HOUR2(2) AND NOT HOUR2(3)));


N_PZ_523 <= ((NOT sw_hour24 AND N_PZ_346)
	OR (NOT sw_hour24 AND NOT N_PZ_514));


N_PZ_534 <= ((sw_hour24 AND HOUR2(1) AND NOT HOUR2(0) AND HOUR1(0) AND 
	NOT HOUR2(2) AND N_PZ_541 AND NOT HOUR2(3) AND HOUR1(1) AND NOT HOUR1(2) AND 
	NOT HOUR1(3))
	OR (NOT sw_hour24 AND NOT HOUR2(1) AND HOUR2(0) AND NOT HOUR1(0) AND 
	NOT HOUR2(2) AND dot AND N_PZ_541 AND NOT HOUR2(3) AND HOUR1(1) AND 
	NOT HOUR1(2) AND NOT HOUR1(3)));


N_PZ_540 <= (NOT month(4) AND NOT month(5) AND NOT month(6) AND NOT month(7));


N_PZ_541 <= (NOT sw_set AND MIN1(0) AND SEC1(0) AND COUNTER_555(2) AND 
	SEC2(0) AND NOT SEC1(1) AND NOT SEC1(2) AND SEC1(3) AND NOT SEC2(1) AND 
	SEC2(2) AND NOT SEC2(3) AND MIN2(0) AND NOT MIN1(1) AND NOT MIN1(2) AND 
	MIN1(3) AND NOT MIN2(1) AND MIN2(2) AND NOT MIN2(3));


N_PZ_550 <= ((sw_hour24)
	OR (NOT N_PZ_514)
	OR (NOT HOUR2(1) AND NOT HOUR2(0) AND HOUR1(0) AND NOT HOUR2(2) AND 
	NOT HOUR2(3) AND NOT HOUR1(1) AND NOT HOUR1(2) AND HOUR1(3)));


N_PZ_563 <= ((NOT N_PZ_384 AND NOT HOUR2_or0013)
	OR (NOT N_PZ_384 AND HOUR2_or0013 AND N_PZ_541 AND NOT N_PZ_550));


N_PZ_566 <= (NOT month_not000237 AND N_PZ_582);


N_PZ_582 <= ((NOT sw_set)
	OR (NOT month_not000237 AND NOT set_month));


N_PZ_584 <= ((NOT month(2) AND month(3) AND NOT month(1) AND N_PZ_540)
	OR (NOT month(2) AND NOT month(3) AND NOT month(0) AND month(4) AND 
	NOT month(5) AND NOT month(6) AND NOT month(7)));


N_PZ_585 <= ((NOT sw_hour24 AND NOT N_PZ_523)
	OR (NOT dot AND NOT N_PZ_346 AND NOT N_PZ_523)
	OR (NOT HOUR1(0) AND N_PZ_346 AND N_PZ_388 AND NOT N_PZ_438));


N_PZ_590 <= (CLK_COUNTER(3) AND N_PZ_627 AND CLK_COUNTER(4) AND 
	CLK_COUNTER(5));


N_PZ_627 <= (CLK_COUNTER(0) AND CLK_COUNTER(1) AND CLK_COUNTER(2));


N_PZ_629 <= ((NOT NUMBER(2) AND NOT NUMBER(3))
	OR (NOT NUMBER(1) AND NOT NUMBER(3)));

FDCPE_SEC10: FDCPE port map (SEC1(0),SEC1_D(0),clk2,'0','0','1');
SEC1_D(0) <= ((NOT sw_set AND SEC1(0) AND NOT COUNTER_555(2))
	OR (NOT sw_set AND NOT SEC1(0) AND COUNTER_555(2)));

FDCPE_SEC11: FDCPE port map (SEC1(1),SEC1_D(1),clk2,'0','0','1');
SEC1_D(1) <= ((NOT sw_set AND NOT SEC1(0) AND SEC1(1))
	OR (NOT sw_set AND NOT COUNTER_555(2) AND SEC1(1))
	OR (NOT sw_set AND SEC1(0) AND COUNTER_555(2) AND NOT SEC1(1) AND 
	SEC1(2))
	OR (NOT sw_set AND SEC1(0) AND COUNTER_555(2) AND NOT SEC1(1) AND 
	NOT SEC1(3)));

FTCPE_SEC12: FTCPE port map (SEC1(2),SEC1_T(2),clk2,'0','0','1');
SEC1_T(2) <= ((sw_set AND SEC1(2))
	OR (NOT sw_set AND SEC1(0) AND COUNTER_555(2) AND SEC1(1)));

FTCPE_SEC13: FTCPE port map (SEC1(3),SEC1_T(3),clk2,'0','0','1');
SEC1_T(3) <= ((sw_set AND SEC1(3))
	OR (NOT sw_set AND SEC1(0) AND COUNTER_555(2) AND SEC1(1) AND 
	SEC1(2))
	OR (SEC1(0) AND COUNTER_555(2) AND NOT SEC1(1) AND NOT SEC1(2) AND 
	SEC1(3)));

FTCPE_SEC20: FTCPE port map (SEC2(0),SEC2_T(0),clk2,'0','0','1');
SEC2_T(0) <= ((sw_set AND SEC2(0))
	OR (NOT sw_set AND SEC1(0) AND COUNTER_555(2) AND NOT SEC1(1) AND 
	NOT SEC1(2) AND SEC1(3)));

FTCPE_SEC21: FTCPE port map (SEC2(1),SEC2_T(1),clk2,'0','0','1');
SEC2_T(1) <= ((sw_set AND SEC2(1))
	OR (SEC1(0) AND COUNTER_555(2) AND SEC2(0) AND NOT SEC1(1) AND 
	NOT SEC1(2) AND SEC1(3) AND SEC2(1))
	OR (NOT sw_set AND SEC1(0) AND COUNTER_555(2) AND SEC2(0) AND 
	NOT SEC1(1) AND NOT SEC1(2) AND SEC1(3) AND NOT SEC2(2))
	OR (NOT sw_set AND SEC1(0) AND COUNTER_555(2) AND SEC2(0) AND 
	NOT SEC1(1) AND NOT SEC1(2) AND SEC1(3) AND SEC2(3)));

FTCPE_SEC22: FTCPE port map (SEC2(2),SEC2_T(2),clk2,'0','0','1');
SEC2_T(2) <= ((sw_set AND SEC2(2))
	OR (NOT sw_set AND SEC1(0) AND COUNTER_555(2) AND SEC2(0) AND 
	NOT SEC1(1) AND NOT SEC1(2) AND SEC1(3) AND SEC2(1))
	OR (SEC1(0) AND COUNTER_555(2) AND SEC2(0) AND NOT SEC1(1) AND 
	NOT SEC1(2) AND SEC1(3) AND SEC2(2) AND NOT SEC2(3)));

FTCPE_SEC23: FTCPE port map (SEC2(3),SEC2_T(3),clk2,'0','0','1');
SEC2_T(3) <= ((sw_set AND SEC2(3))
	OR (NOT sw_set AND SEC1(0) AND COUNTER_555(2) AND SEC2(0) AND 
	NOT SEC1(1) AND NOT SEC1(2) AND SEC1(3) AND SEC2(1) AND SEC2(2)));

FTCPE_day10: FTCPE port map (day1(0),day1_T(0),clk2,'0','0','1');
day1_T(0) <= NOT (((N_PZ_450)
	OR (NOT Mcompar_day1_cmp_eq0000_or0000_xor0001 AND day1(0) AND 
	NOT Mcompar_day1_cmp_eq0000_or0001_xor0000 AND NOT N_PZ_396)));

FTCPE_day13: FTCPE port map (day1(3),day1_T(3),clk2,'0','0','1');
day1_T(3) <= ((Mcompar_day1_cmp_eq0000_or0000_xor0001 AND day1(0) AND 
	Mcompar_day1_cmp_eq0000_or0001_xor0000 AND NOT N_PZ_450)
	OR (NOT Mcompar_day1_cmp_eq0000_or0000_xor0001 AND day1(0) AND 
	NOT Mcompar_day1_cmp_eq0000_or0001_xor0000 AND NOT N_PZ_450 AND day1(3))
	OR (NOT Mcompar_day1_cmp_eq0000_or0000_xor0001 AND 
	NOT Mcompar_day1_cmp_eq0000_or0001_xor0000 AND NOT N_PZ_450 AND NOT N_PZ_396 AND day1(3)));

FTCPE_day20: FTCPE port map (day2(0),day2_T(0),clk2,'0','0','1');
day2_T(0) <= ((NOT Mcompar_day1_cmp_eq0000_or0000_xor0001 AND 
	NOT Mcompar_day1_cmp_eq0000_or0001_xor0000 AND NOT N_PZ_450 AND NOT N_PZ_396 AND day2(0))
	OR (NOT Mcompar_day1_cmp_eq0000_or0000_xor0001 AND day1(0) AND 
	NOT Mcompar_day1_cmp_eq0000_or0001_xor0000 AND NOT N_PZ_450 AND N_PZ_396 AND day1(3)));

FTCPE_day21: FTCPE port map (day2(1),day2_T(1),clk2,'0','0','1');
day2_T(1) <= ((NOT Mcompar_day1_cmp_eq0000_or0000_xor0001 AND 
	NOT Mcompar_day1_cmp_eq0000_or0001_xor0000 AND NOT N_PZ_450 AND NOT N_PZ_396 AND day2(1))
	OR (NOT Mcompar_day1_cmp_eq0000_or0000_xor0001 AND day1(0) AND 
	NOT Mcompar_day1_cmp_eq0000_or0001_xor0000 AND NOT N_PZ_450 AND N_PZ_396 AND day2(0) AND day1(3)));

FDCPE_dot: FDCPE port map (dot,dot_D,clk2,'0','0','1');
dot_D <= ((NOT N_PZ_346 AND N_PZ_523)
	OR (NOT sw_set AND N_PZ_523 AND NOT N_PZ_514)
	OR (NOT sw_hour24 AND dot AND NOT N_PZ_346)
	OR (HOUR2(1) AND dot AND N_PZ_512)
	OR (HOUR2(2) AND dot AND N_PZ_512)
	OR (dot AND N_PZ_523 AND N_PZ_424)
	OR (dot AND HOUR2(3) AND N_PZ_512)
	OR (N_PZ_523 AND NOT N_PZ_514 AND NOT N_PZ_512)
	OR (NOT dot AND N_PZ_523 AND NOT N_PZ_512 AND NOT N_PZ_424)
	OR (NOT sw_set AND NOT HOUR2(1) AND NOT HOUR2(2) AND NOT dot AND N_PZ_523 AND 
	NOT HOUR2(3) AND NOT N_PZ_424));

FDCPE_maxday10: FDCPE port map (maxday1(0),maxday1_D(0),clk2,'0','0','1');
maxday1_D(0) <= ((N_PZ_450 AND maxday1(0))
	OR (NOT N_PZ_450 AND NOT month(0) AND N_PZ_584)
	OR (NOT month(3) AND NOT N_PZ_450 AND month(0) AND N_PZ_540));

FDCPE_maxday13: FDCPE port map (maxday1(3),maxday1_D(3),clk2,'0','0','1');
maxday1_D(3) <= ((N_PZ_450 AND maxday1(3))
	OR (NOT month(2) AND NOT month(3) AND NOT N_PZ_450 AND NOT month(0) AND 
	month(1) AND N_PZ_540));

FDCPE_maxday20: FDCPE port map (maxday2(0),maxday2_D(0),clk2,'0','0','1');
maxday2_D(0) <= ((N_PZ_450 AND maxday2(0))
	OR (NOT N_PZ_450 AND N_PZ_584)
	OR (month(2) AND NOT month(3) AND NOT N_PZ_450 AND N_PZ_540)
	OR (NOT month(3) AND NOT N_PZ_450 AND month(0) AND N_PZ_540)
	OR (NOT month(2) AND NOT month(3) AND NOT N_PZ_450 AND NOT month(1) AND 
	month(4) AND NOT month(5) AND NOT month(6) AND NOT month(7)));

FDCPE_maxday21: FDCPE port map (maxday2(1),maxday2_D(1),clk2,'0','0','1');
maxday2_D(1) <= ((N_PZ_450 AND maxday2(1))
	OR (NOT N_PZ_450 AND N_PZ_584)
	OR (month(2) AND NOT month(3) AND NOT N_PZ_450 AND N_PZ_540)
	OR (NOT month(3) AND NOT N_PZ_450 AND month(1) AND N_PZ_540)
	OR (NOT month(2) AND NOT month(3) AND NOT N_PZ_450 AND month(0) AND 
	NOT month(1) AND NOT month(5) AND NOT month(6) AND NOT month(7)));

FTCPE_month0: FTCPE port map (month(0),month_T(0),clk2,'0','0','1');
month_T(0) <= ((month(0) AND NOT N_PZ_582)
	OR (NOT month(3) AND NOT N_PZ_566 AND N_PZ_540)
	OR (NOT month(2) AND NOT N_PZ_566 AND NOT month(1) AND N_PZ_540)
	OR (NOT month(2) AND NOT month(3) AND NOT N_PZ_566 AND NOT month(1) AND 
	NOT month(5) AND NOT month(6) AND NOT month(7)));

FDCPE_month1: FDCPE port map (month(1),month_D(1),clk2,'0','0','1');
month_D(1) <= ((N_PZ_566 AND month(1))
	OR (month(2) AND NOT sw_set AND month(3) AND month(1))
	OR (NOT sw_set AND month(1) AND NOT N_PZ_540 AND NOT N_PZ_584)
	OR (NOT month(3) AND NOT month(0) AND month(1) AND N_PZ_540)
	OR (NOT month(3) AND NOT N_PZ_566 AND month(0) AND NOT month(1) AND 
	N_PZ_540)
	OR (NOT month(2) AND NOT sw_set AND month(3) AND month_not000237 AND 
	month(0) AND N_PZ_540)
	OR (NOT month(2) AND NOT month(3) AND NOT N_PZ_566 AND month(0) AND 
	NOT month(1) AND NOT month(5) AND NOT month(6) AND NOT month(7)));

FTCPE_month2: FTCPE port map (month(2),month_T(2),clk2,'0','0','1');
month_T(2) <= ((month(2) AND sw_set AND month(3) AND NOT N_PZ_566)
	OR (month(2) AND sw_set AND NOT N_PZ_566 AND NOT N_PZ_540)
	OR (NOT month(3) AND NOT N_PZ_566 AND month(0) AND month(1) AND 
	N_PZ_540));

FTCPE_month3: FTCPE port map (month(3),month_T(3),clk2,'0','0','1');
month_T(3) <= (sw_set AND month(3) AND NOT N_PZ_566)
	XOR ((month(2) AND NOT month(3) AND NOT N_PZ_566 AND month(0) AND 
	month(1) AND N_PZ_540)
	OR (NOT month(2) AND sw_set AND month(3) AND NOT N_PZ_566 AND 
	NOT month(0) AND NOT month(1) AND N_PZ_540)
	OR (NOT month(2) AND NOT sw_set AND month(3) AND NOT N_PZ_566 AND 
	NOT month(0) AND month(1) AND N_PZ_540));

FDCPE_month4: FDCPE port map (month(4),month_D(4),clk2,'0','0','1');
month_D(4) <= ((N_PZ_566 AND month(4))
	OR (NOT sw_set AND month(4) AND NOT N_PZ_584)
	OR (month(0) AND NOT N_PZ_582 AND N_PZ_584)
	OR (NOT month(2) AND NOT sw_set AND month(3) AND month_not000237 AND 
	NOT month(0) AND N_PZ_540 AND NOT N_PZ_584)
	OR (NOT month(2) AND NOT month(3) AND NOT month(1) AND NOT N_PZ_540 AND 
	NOT month(5) AND NOT month(6) AND NOT month(7)));

FDCPE_month5: FDCPE port map (month(5),month_D(5),clk2,'0','0','1');
month_D(5) <= (month(5) AND N_PZ_582);

FDCPE_month6: FDCPE port map (month(6),month_D(6),clk2,'0','0','1');
month_D(6) <= (N_PZ_582 AND month(6));

FDCPE_month7: FDCPE port map (month(7),month_D(7),clk2,'0','0','1');
month_D(7) <= (N_PZ_582 AND month(7));


month_not000237 <= (NOT Mcompar_day1_cmp_eq0000_or0000_xor0001 AND 
	NOT Mcompar_day1_cmp_eq0000_or0001_xor0000 AND N_PZ_534 AND NOT N_PZ_396);


Register Legend:
 FDCPE (Q,D,C,CLR,PRE,CE); 
 FDDCPE (Q,D,C,CLR,PRE,CE); 
 FTCPE (Q,D,C,CLR,PRE,CE); 
 FTDCPE (Q,D,C,CLR,PRE,CE); 
 LDCP  (Q,D,G,CLR,PRE); 

******************************  Device Pin Out *****************************

Device : XC2C256-7-TQ144


Pin Signal                         Pin Signal                        
No. Name                           No. Name                          
  1 VCC                              73 VCCIO-1.8                     
  2 KPR                              74 KPR                           
  3 KPR                              75 KPR                           
  4 KPR                              76 KPR                           
  5 KPR                              77 KPR                           
  6 KPR                              78 KPR                           
  7 KPR                              79 KPR                           
  8 VCCAUX                           80 KPR                           
  9 KPR                              81 KPR                           
 10 clk2                             82 KPR                           
 11 KPR                              83 KPR                           
 12 KPR                              84 VCC                           
 13 KPR                              85 KPR                           
 14 KPR                              86 KPR                           
 15 KPR                              87 KPR                           
 16 KPR                              88 KPR                           
 17 KPR                              89 GND                           
 18 KPR                              90 GND                           
 19 KPR                              91 KPR                           
 20 KPR                              92 KPR                           
 21 KPR                              93 VCCIO-1.8                     
 22 KPR                              94 KPR                           
 23 KPR                              95 KPR                           
 24 KPR                              96 set_month                     
 25 KPR                              97 KPR                           
 26 KPR                              98 set_day                       
 27 VCCIO-1.8                        99 GND                           
 28 KPR                             100 KPR                           
 29 GND                             101 set_hour                      
 30 KPR                             102 C_MONTH2                      
 31 KPR                             103 set_min                       
 32 KPR                             104 C_MONTH1                      
 33 KPR                             105 KPR                           
 34 KPR                             106 KPR                           
 35 KPR                             107 KPR                           
 36 GND                             108 GND                           
 37 VCC                             109 VCCIO-1.8                     
 38 BOARD_CLK                       110 KPR                           
 39 sw_set                          111 KPR                           
 40 KPR                             112 AN_DP                         
 41 KPR                             113 AN_D                          
 42 KPR                             114 AN_G                          
 43 KPR                             115 AN_C                          
 44 KPR                             116 AN_F                          
 45 KPR                             117 AN_B                          
 46 KPR                             118 AN_E                          
 47 GND                             119 AN_A                          
 48 KPR                             120 KPR                           
 49 KPR                             121 KPR                           
 50 KPR                             122 TDO                           
 51 KPR                             123 GND                           
 52 KPR                             124 sw_hour24                     
 53 KPR                             125 KPR                           
 54 KPR                             126 KPR                           
 55 VCCIO-1.8                       127 VCCIO-1.8                     
 56 KPR                             128 KPR                           
 57 KPR                             129 KPR                           
 58 KPR                             130 KPR                           
 59 KPR                             131 KPR                           
 60 KPR                             132 KPR                           
 61 KPR                             133 C_DAY2                        
 62 GND                             134 C_MIN2                        
 63 TDI                             135 C_DAY1                        
 64 KPR                             136 C_MIN1                        
 65 TMS                             137 KPR                           
 66 KPR                             138 C_HOUR2                       
 67 TCK                             139 C_SEC2                        
 68 KPR                             140 C_HOUR1                       
 69 LD0                             141 VCCIO-1.8                     
 70 KPR                             142 C_SEC1                        
 71 KPR                             143 KPR                           
 72 GND                             144 GND                           


Legend :  NC  = Not Connected, unbonded pin
        PGND  = Unused I/O configured as additional Ground pin
         KPR  = Unused I/O with weak keeper (leave unconnected)
         WPU  = Unused I/O with weak pull up (leave unconnected)
         TIE  = Unused I/O floating -- must tie to VCC, GND or other signal
         VCC  = Dedicated Power Pin
      VCCAUX  = Power supply for JTAG pins
   VCCIO-3.3  = I/O supply voltage for LVTTL, LVCMOS33, SSTL3_I
   VCCIO-2.5  = I/O supply voltage for LVCMOS25, SSTL2_I
   VCCIO-1.8  = I/O supply voltage for LVCMOS18
   VCCIO-1.5  = I/O supply voltage for LVCMOS15, HSTL_I
        VREF  = Reference voltage for indicated input standard
       *VREF  = Reference voltage pin selected by software
         GND  = Dedicated Ground Pin
         TDI  = Test Data In, JTAG pin
         TDO  = Test Data Out, JTAG pin
         TCK  = Test Clock, JTAG pin
         TMS  = Test Mode Select, JTAG pin
  PROHIBITED  = User reserved pin
****************************  Compiler Options  ****************************

Following is a list of all global compiler options used by the fitter run.

Device(s) Specified                         : xc2c256-7-TQ144
Optimization Method                         : DENSITY
Multi-Level Logic Optimization              : ON
Ignore Timing Specifications                : OFF
Default Register Power Up Value             : LOW
Keep User Location Constraints              : ON
What-You-See-Is-What-You-Get                : OFF
Exhaustive Fitting                          : OFF
Keep Unused Inputs                          : OFF
Slew Rate                                   : FAST
Set Unused I/O Pin Termination              : KEEPER
Global Clock Optimization                   : ON
Global Set/Reset Optimization               : ON
Global Ouput Enable Optimization            : ON
Enable Input Registers                      : ON
Function Block Fan-in Limit                 : 38
Use DATA_GATE Attribute                     : ON
Set Tristate Outputs to Termination Mode    : KEEPER
Default Voltage Standard for All Outputs    : LVCMOS18
Input Limit                                 : 32
Pterm Limit                                 : 28
